/*C2*/SET SCHEMA PUBLIC
DELETE FROM "mendixsystem$version" WHERE "versionnumber"='4.2'
INSERT INTO "mendixsystem$version" VALUES('4.2','2018-10-07 23:52:41.458000','3.0.0','unversioned','cookingAppFrontend')
COMMIT
/*C3*/SET SCHEMA PUBLIC
DELETE FROM "system$userrole" WHERE "id"=4222124650659841
INSERT INTO "system$userrole" VALUES(4222124650659841,'8dd52bfa-6d7e-453b-b506-303c0a3d9567','','Administrator')
DELETE FROM "system$userrole" WHERE "id"=4222124650659842
INSERT INTO "system$userrole" VALUES(4222124650659842,'53f5d6fa-6da9-4a71-b011-454ec052cce8','','User')
COMMIT
DELETE FROM "system$user" WHERE "id"=5348024557502465
INSERT INTO "system$user" VALUES(5348024557502465,'2018-10-08 10:03:05.315000',TRUE,'2018-10-08 10:03:05.315000','2018-10-08 10:03:31.343000',FALSE,FALSE,0,FALSE,'demo_administrator','{BCrypt}$2a$10$qu88DNjGQUciNGruWDM4ne85KFra.ANO13CTKD2RJJCgy1iIg04Ou','Administration.Account',NULL,5348024557502465)
COMMIT
/*C4*/SET SCHEMA PUBLIC
DELETE FROM "system$user" WHERE "id"=5348024557502466
INSERT INTO "system$user" VALUES(5348024557502466,'2018-10-08 10:03:05.613000',TRUE,'2018-10-08 10:03:05.613000','2018-10-08 10:09:42.515000',FALSE,FALSE,0,FALSE,'demo_user','{BCrypt}$2a$10$6cc6kAL.NR5BE5O7BSbzx.jXhgcp7xLAWZZRMt3.jSEnH24Ja510K','Administration.Account',NULL,5348024557502466)
COMMIT
DELETE FROM "mendixsystem$properties" WHERE "key"='Mendix.Runtime.DeploymentID'
INSERT INTO "mendixsystem$properties" VALUES('Mendix.Runtime.DeploymentID','636746013561871946')
COMMIT
DELETE FROM "system$session" WHERE "id"=4503599627374998
DELETE FROM "system$session_user" WHERE "system$sessionid"=4503599627374998 AND "system$userid"=5348024557502466
COMMIT
DELETE FROM "system$user" WHERE "id"=562949953425713
INSERT INTO "system$user" VALUES(562949953425713,'2018-10-08 10:03:06.191000',TRUE,'2018-10-08 10:03:06.191000','2018-10-08 10:09:37.921000',FALSE,FALSE,0,FALSE,'MxAdmin','{BCrypt}$2a$10$7YP6YJXCEMn9offvWMxqAOsdpAJo.PvjOO8qNKGClqJGf6OLKEQsK','System.User',NULL,562949953425713)
COMMIT
DELETE FROM "mendixsystem$entityidentifier" WHERE "id"='d4154981-8dac-4150-aec5-efa3ef62a7a2'
INSERT INTO "mendixsystem$entityidentifier" VALUES('d4154981-8dac-4150-aec5-efa3ef62a7a2',4,4701)
COMMIT
INSERT INTO "system$xasinstance" VALUES(1125899906847225,'bfe611ef-65b6-4122-8dad-d363c6c52d4b','2018-10-08 10:16:05.259000','2018-10-08 10:16:05.237000',NULL,NULL,NULL)
COMMIT
/*C3*/DELETE FROM "system$user" WHERE "id"=562949953425713
INSERT INTO "system$user" VALUES(562949953425713,'2018-10-08 10:03:06.191000',TRUE,'2018-10-08 10:03:06.191000','2018-10-08 10:16:47.494000',FALSE,FALSE,0,FALSE,'MxAdmin','{BCrypt}$2a$10$7YP6YJXCEMn9offvWMxqAOsdpAJo.PvjOO8qNKGClqJGf6OLKEQsK','System.User',NULL,562949953425713)
COMMIT
/*C2*/DELETE FROM "mendixsystem$entityidentifier" WHERE "id"='37f9fd49-5318-4c63-9a51-f761779b202f'
INSERT INTO "mendixsystem$entityidentifier" VALUES('37f9fd49-5318-4c63-9a51-f761779b202f',16,4701)
COMMIT
INSERT INTO "system$session" VALUES(4503599627375097,'d736b852-4512-4533-92a6-ac358c89b929','2018-10-08 10:16:47.524000','2a2ced6d-b258-46b7-a8f2-7b696eb672d5','2018-10-08 10:16:47.525000','bd016495-b4fe-4cb7-b1ce-f52e43017e67')
INSERT INTO "system$session_user" VALUES(4503599627375097,562949953425713)
COMMIT
DELETE FROM "mendixsystem$entityidentifier" WHERE "id"='3d460fe3-2308-474b-8d3a-931ac838776f'
INSERT INTO "mendixsystem$entityidentifier" VALUES('3d460fe3-2308-474b-8d3a-931ac838776f',12,4501)
COMMIT
DELETE FROM "mendixsystem$entityidentifier" WHERE "id"='8eae269c-cd9b-465c-b947-7d36086ec3c1'
INSERT INTO "mendixsystem$entityidentifier" VALUES('8eae269c-cd9b-465c-b947-7d36086ec3c1',22,4501)
COMMIT
DELETE FROM "mendixsystem$entityidentifier" WHERE "id"='8457999a-d289-4153-96b9-c1bb6c27a25b'
INSERT INTO "mendixsystem$entityidentifier" VALUES('8457999a-d289-4153-96b9-c1bb6c27a25b',34,1201)
COMMIT
DELETE FROM "mendixsystem$entityidentifier" WHERE "id"='1bca2a8e-931b-4cd2-8eb2-c5209655495c'
INSERT INTO "mendixsystem$entityidentifier" VALUES('1bca2a8e-931b-4cd2-8eb2-c5209655495c',35,1201)
COMMIT
INSERT INTO "myfirstmodule$recipelist" VALUES(9570149208163405)
INSERT INTO "myfirstmodule$recipe" VALUES(9851624184874064,'dasdas','dad','beef','dasdsa','Burger Beef')
INSERT INTO "myfirstmodule$recipe" VALUES(9851624184874063,'step','good burger','Chicken','Chicken','Burger Chicken')
INSERT INTO "myfirstmodule$recipe" VALUES(9851624184874062,'Step2','Delicious recipe with tunaX','Pasta, Italian, Fish','70 g whole almonds,1 small onion, 2 cloves of garlic, 4 anchovy fillets in oil, olive oil, 300 g dried fettuccine, 4 baby courgettes, 300 g yellowfin tuna, 1 x 400 g tin of quality cherry tomatoes, 1 lemon, 30 g pecorino cheese, extra virgin olive oil','Tuna fettuccine')
INSERT INTO "myfirstmodule$recipe" VALUES(9851624184874061,'Step1','Delicious recipe with ham','Pasta, Italian, Meat','370 g ham, spaghetti pasta','Spaghetti Carbonara')
INSERT INTO "myfirstmodule$contains" VALUES(9851624184874064,9570149208163405)
INSERT INTO "myfirstmodule$contains" VALUES(9851624184874063,9570149208163405)
INSERT INTO "myfirstmodule$contains" VALUES(9851624184874062,9570149208163405)
INSERT INTO "myfirstmodule$contains" VALUES(9851624184874061,9570149208163405)
COMMIT
DELETE FROM "system$session" WHERE "id"=4503599627375097
DELETE FROM "system$session_user" WHERE "system$sessionid"=4503599627375097 AND "system$userid"=562949953425713
COMMIT
/*C3*/DELETE FROM "system$user" WHERE "id"=5348024557502465
INSERT INTO "system$user" VALUES(5348024557502465,'2018-10-08 10:03:05.315000',TRUE,'2018-10-08 10:03:05.315000','2018-10-08 10:16:53.153000',FALSE,FALSE,0,FALSE,'demo_administrator','{BCrypt}$2a$10$qu88DNjGQUciNGruWDM4ne85KFra.ANO13CTKD2RJJCgy1iIg04Ou','Administration.Account',NULL,5348024557502465)
COMMIT
/*C4*/INSERT INTO "system$session" VALUES(4503599627375098,'591845f7-0567-41f4-b9cb-cb89e84e4bd5','2018-10-08 10:16:53.172000','f13cdcb1-9f1e-473a-922b-24cf098af467','2018-10-08 10:16:53.172000','6cfcc6bd-a92c-43e3-9c59-46a240619396')
INSERT INTO "system$session_user" VALUES(4503599627375098,5348024557502465)
COMMIT
INSERT INTO "myfirstmodule$recipelist" VALUES(9570149208163406)
INSERT INTO "myfirstmodule$recipe" VALUES(9851624184874068,'dasdas','dad','beef','dasdsa','Burger Beef')
INSERT INTO "myfirstmodule$recipe" VALUES(9851624184874067,'step','good burger','Chicken','Chicken','Burger Chicken')
INSERT INTO "myfirstmodule$recipe" VALUES(9851624184874066,'Step2','Delicious recipe with tunaX','Pasta, Italian, Fish','70 g whole almonds,1 small onion, 2 cloves of garlic, 4 anchovy fillets in oil, olive oil, 300 g dried fettuccine, 4 baby courgettes, 300 g yellowfin tuna, 1 x 400 g tin of quality cherry tomatoes, 1 lemon, 30 g pecorino cheese, extra virgin olive oil','Tuna fettuccine')
INSERT INTO "myfirstmodule$recipe" VALUES(9851624184874065,'Step1','Delicious recipe with ham','Pasta, Italian, Meat','370 g ham, spaghetti pasta','Spaghetti Carbonara')
INSERT INTO "myfirstmodule$contains" VALUES(9851624184874068,9570149208163406)
INSERT INTO "myfirstmodule$contains" VALUES(9851624184874067,9570149208163406)
INSERT INTO "myfirstmodule$contains" VALUES(9851624184874066,9570149208163406)
INSERT INTO "myfirstmodule$contains" VALUES(9851624184874065,9570149208163406)
COMMIT
DELETE FROM "system$session" WHERE "id"=4503599627375098
DELETE FROM "system$session_user" WHERE "system$sessionid"=4503599627375098 AND "system$userid"=5348024557502465
COMMIT
/*C2*/DELETE FROM "system$user" WHERE "id"=5348024557502466
INSERT INTO "system$user" VALUES(5348024557502466,'2018-10-08 10:03:05.613000',TRUE,'2018-10-08 10:03:05.613000','2018-10-08 10:16:58.214000',FALSE,FALSE,0,FALSE,'demo_user','{BCrypt}$2a$10$6cc6kAL.NR5BE5O7BSbzx.jXhgcp7xLAWZZRMt3.jSEnH24Ja510K','Administration.Account',NULL,5348024557502466)
COMMIT
/*C4*/INSERT INTO "system$session" VALUES(4503599627375099,'a6a645bd-6e9e-429b-8475-3e9290530213','2018-10-08 10:16:58.232000','4fac906b-f918-421b-a260-24d880db7bc4','2018-10-08 10:16:58.232000','5119923f-71a4-49a2-86d9-ed94cf195812')
INSERT INTO "system$session_user" VALUES(4503599627375099,5348024557502466)
COMMIT
/*C2*/INSERT INTO "myfirstmodule$recipelist" VALUES(9570149208163407)
INSERT INTO "myfirstmodule$recipe" VALUES(9851624184874072,'dasdas','dad','beef','dasdsa','Burger Beef')
INSERT INTO "myfirstmodule$recipe" VALUES(9851624184874071,'step','good burger','Chicken','Chicken','Burger Chicken')
INSERT INTO "myfirstmodule$recipe" VALUES(9851624184874070,'Step2','Delicious recipe with tunaX','Pasta, Italian, Fish','70 g whole almonds,1 small onion, 2 cloves of garlic, 4 anchovy fillets in oil, olive oil, 300 g dried fettuccine, 4 baby courgettes, 300 g yellowfin tuna, 1 x 400 g tin of quality cherry tomatoes, 1 lemon, 30 g pecorino cheese, extra virgin olive oil','Tuna fettuccine')
INSERT INTO "myfirstmodule$recipe" VALUES(9851624184874069,'Step1','Delicious recipe with ham','Pasta, Italian, Meat','370 g ham, spaghetti pasta','Spaghetti Carbonara')
INSERT INTO "myfirstmodule$contains" VALUES(9851624184874072,9570149208163407)
INSERT INTO "myfirstmodule$contains" VALUES(9851624184874071,9570149208163407)
INSERT INTO "myfirstmodule$contains" VALUES(9851624184874070,9570149208163407)
INSERT INTO "myfirstmodule$contains" VALUES(9851624184874069,9570149208163407)
COMMIT
INSERT INTO "myfirstmodule$recipelist" VALUES(9570149208163408)
INSERT INTO "myfirstmodule$recipe" VALUES(9851624184874075,'Step2','Delicious recipe with tunaX','Pasta, Italian, Fish','70 g whole almonds,1 small onion, 2 cloves of garlic, 4 anchovy fillets in oil, olive oil, 300 g dried fettuccine, 4 baby courgettes, 300 g yellowfin tuna, 1 x 400 g tin of quality cherry tomatoes, 1 lemon, 30 g pecorino cheese, extra virgin olive oil','Tuna fettuccine')
INSERT INTO "myfirstmodule$recipe" VALUES(9851624184874074,'Step1','Delicious recipe with ham','Pasta, Italian, Meat','370 g ham, spaghetti pasta','Spaghetti Carbonara')
INSERT INTO "myfirstmodule$contains" VALUES(9851624184874075,9570149208163408)
INSERT INTO "myfirstmodule$contains" VALUES(9851624184874074,9570149208163408)
COMMIT
/*C3*/INSERT INTO "myfirstmodule$recipelist" VALUES(9570149208163409)
INSERT INTO "myfirstmodule$recipe" VALUES(9851624184874079,'dasdas','dad','beef','dasdsa','Burger Beef')
INSERT INTO "myfirstmodule$recipe" VALUES(9851624184874078,'step','good burger','Chicken','Chicken','Burger Chicken')
INSERT INTO "myfirstmodule$recipe" VALUES(9851624184874077,'Step2','Delicious recipe with tunaX','Pasta, Italian, Fish','70 g whole almonds,1 small onion, 2 cloves of garlic, 4 anchovy fillets in oil, olive oil, 300 g dried fettuccine, 4 baby courgettes, 300 g yellowfin tuna, 1 x 400 g tin of quality cherry tomatoes, 1 lemon, 30 g pecorino cheese, extra virgin olive oil','Tuna fettuccine')
INSERT INTO "myfirstmodule$recipe" VALUES(9851624184874076,'Step1','Delicious recipe with ham','Pasta, Italian, Meat','370 g ham, spaghetti pasta','Spaghetti Carbonara')
INSERT INTO "myfirstmodule$contains" VALUES(9851624184874079,9570149208163409)
INSERT INTO "myfirstmodule$contains" VALUES(9851624184874078,9570149208163409)
INSERT INTO "myfirstmodule$contains" VALUES(9851624184874077,9570149208163409)
INSERT INTO "myfirstmodule$contains" VALUES(9851624184874076,9570149208163409)
COMMIT
/*C4*/INSERT INTO "myfirstmodule$recipelist" VALUES(9570149208163410)
INSERT INTO "myfirstmodule$recipe" VALUES(9851624184874083,'dasdas','dad','beef','dasdsa','Burger Beef')
INSERT INTO "myfirstmodule$recipe" VALUES(9851624184874082,'step','good burger','Chicken','Chicken','Burger Chicken')
INSERT INTO "myfirstmodule$recipe" VALUES(9851624184874081,'Step2','Delicious recipe with tunaX','Pasta, Italian, Fish','70 g whole almonds,1 small onion, 2 cloves of garlic, 4 anchovy fillets in oil, olive oil, 300 g dried fettuccine, 4 baby courgettes, 300 g yellowfin tuna, 1 x 400 g tin of quality cherry tomatoes, 1 lemon, 30 g pecorino cheese, extra virgin olive oil','Tuna fettuccine')
INSERT INTO "myfirstmodule$recipe" VALUES(9851624184874080,'Step1','Delicious recipe with ham','Pasta, Italian, Meat','370 g ham, spaghetti pasta','Spaghetti Carbonara')
INSERT INTO "myfirstmodule$contains" VALUES(9851624184874083,9570149208163410)
INSERT INTO "myfirstmodule$contains" VALUES(9851624184874082,9570149208163410)
INSERT INTO "myfirstmodule$contains" VALUES(9851624184874081,9570149208163410)
INSERT INTO "myfirstmodule$contains" VALUES(9851624184874080,9570149208163410)
COMMIT
/*C2*/INSERT INTO "myfirstmodule$recipelist" VALUES(9570149208163411)
INSERT INTO "myfirstmodule$recipe" VALUES(9851624184874087,'dasdas','dad','beef','dasdsa','Burger Beef')
INSERT INTO "myfirstmodule$recipe" VALUES(9851624184874086,'step','good burger','Chicken','Chicken','Burger Chicken')
INSERT INTO "myfirstmodule$recipe" VALUES(9851624184874085,'Step2','Delicious recipe with tunaX','Pasta, Italian, Fish','70 g whole almonds,1 small onion, 2 cloves of garlic, 4 anchovy fillets in oil, olive oil, 300 g dried fettuccine, 4 baby courgettes, 300 g yellowfin tuna, 1 x 400 g tin of quality cherry tomatoes, 1 lemon, 30 g pecorino cheese, extra virgin olive oil','Tuna fettuccine')
INSERT INTO "myfirstmodule$recipe" VALUES(9851624184874084,'Step1','Delicious recipe with ham','Pasta, Italian, Meat','370 g ham, spaghetti pasta','Spaghetti Carbonara')
INSERT INTO "myfirstmodule$contains" VALUES(9851624184874087,9570149208163411)
INSERT INTO "myfirstmodule$contains" VALUES(9851624184874086,9570149208163411)
INSERT INTO "myfirstmodule$contains" VALUES(9851624184874085,9570149208163411)
INSERT INTO "myfirstmodule$contains" VALUES(9851624184874084,9570149208163411)
COMMIT
INSERT INTO "myfirstmodule$recipelist" VALUES(9570149208163412)
INSERT INTO "myfirstmodule$recipe" VALUES(9851624184874090,'Step2','Delicious recipe with tunaX','Pasta, Italian, Fish','70 g whole almonds,1 small onion, 2 cloves of garlic, 4 anchovy fillets in oil, olive oil, 300 g dried fettuccine, 4 baby courgettes, 300 g yellowfin tuna, 1 x 400 g tin of quality cherry tomatoes, 1 lemon, 30 g pecorino cheese, extra virgin olive oil','Tuna fettuccine')
INSERT INTO "myfirstmodule$recipe" VALUES(9851624184874089,'Step1','Delicious recipe with ham','Pasta, Italian, Meat','370 g ham, spaghetti pasta','Spaghetti Carbonara')
INSERT INTO "myfirstmodule$contains" VALUES(9851624184874090,9570149208163412)
INSERT INTO "myfirstmodule$contains" VALUES(9851624184874089,9570149208163412)
COMMIT
/*C4*/INSERT INTO "myfirstmodule$recipelist" VALUES(9570149208163413)
INSERT INTO "myfirstmodule$recipe" VALUES(9851624184874095,'dasdas','dad','beef','dasdsa','Burger Beef')
INSERT INTO "myfirstmodule$recipe" VALUES(9851624184874094,'step','good burger','Chicken','Chicken','Burger Chicken')
INSERT INTO "myfirstmodule$recipe" VALUES(9851624184874093,'Step2','Delicious recipe with tunaX','Pasta, Italian, Fish','70 g whole almonds,1 small onion, 2 cloves of garlic, 4 anchovy fillets in oil, olive oil, 300 g dried fettuccine, 4 baby courgettes, 300 g yellowfin tuna, 1 x 400 g tin of quality cherry tomatoes, 1 lemon, 30 g pecorino cheese, extra virgin olive oil','Tuna fettuccine')
INSERT INTO "myfirstmodule$recipe" VALUES(9851624184874092,'Step1','Delicious recipe with ham','Pasta, Italian, Meat','370 g ham, spaghetti pasta','Spaghetti Carbonara')
INSERT INTO "myfirstmodule$contains" VALUES(9851624184874095,9570149208163413)
INSERT INTO "myfirstmodule$contains" VALUES(9851624184874094,9570149208163413)
INSERT INTO "myfirstmodule$contains" VALUES(9851624184874093,9570149208163413)
INSERT INTO "myfirstmodule$contains" VALUES(9851624184874092,9570149208163413)
COMMIT
DELETE FROM "system$session" WHERE "id"=4503599627375099
INSERT INTO "system$session" VALUES(4503599627375099,'a6a645bd-6e9e-429b-8475-3e9290530213','2018-10-08 10:16:58.232000','4fac906b-f918-421b-a260-24d880db7bc4','2018-10-08 10:17:42.169000','5119923f-71a4-49a2-86d9-ed94cf195812')
COMMIT
/*C2*/INSERT INTO "myfirstmodule$recipe" VALUES(9851624184874096,'Step1','Delicious recipe with ham','Pasta, Italian, Meat','370 g ham, spaghetti pasta','Spaghetti Carbonara')
COMMIT
DELETE FROM "system$session" WHERE "id"=4503599627375099
INSERT INTO "system$session" VALUES(4503599627375099,'a6a645bd-6e9e-429b-8475-3e9290530213','2018-10-08 10:16:58.232000','4fac906b-f918-421b-a260-24d880db7bc4','2018-10-08 10:17:47.236000','5119923f-71a4-49a2-86d9-ed94cf195812')
COMMIT
DELETE FROM "system$xasinstance" WHERE "id"=1125899906847225
INSERT INTO "system$xasinstance" VALUES(1125899906847225,'bfe611ef-65b6-4122-8dad-d363c6c52d4b','2018-10-08 10:16:05.259000','2018-10-08 10:21:05.285000',NULL,NULL,NULL)
COMMIT
DELETE FROM "system$session" WHERE "id"=4503599627375099
INSERT INTO "system$session" VALUES(4503599627375099,'a6a645bd-6e9e-429b-8475-3e9290530213','2018-10-08 10:16:58.232000','4fac906b-f918-421b-a260-24d880db7bc4','2018-10-08 10:22:33.462000','5119923f-71a4-49a2-86d9-ed94cf195812')
COMMIT
/*C3*/INSERT INTO "myfirstmodule$recipelist" VALUES(9570149208163414)
INSERT INTO "myfirstmodule$recipe" VALUES(9851624184874100,'dasdas','dad','beef','dasdsa','Burger Beef')
INSERT INTO "myfirstmodule$recipe" VALUES(9851624184874099,'step','good burger','Chicken','Chicken','Burger Chicken')
INSERT INTO "myfirstmodule$recipe" VALUES(9851624184874098,'Step2','Delicious recipe with tunaX','Pasta, Italian, Fish','70 g whole almonds,1 small onion, 2 cloves of garlic, 4 anchovy fillets in oil, olive oil, 300 g dried fettuccine, 4 baby courgettes, 300 g yellowfin tuna, 1 x 400 g tin of quality cherry tomatoes, 1 lemon, 30 g pecorino cheese, extra virgin olive oil','Tuna fettuccine')
INSERT INTO "myfirstmodule$recipe" VALUES(9851624184874097,'Step1','Delicious recipe with ham','Pasta, Italian, Meat','370 g ham, spaghetti pasta','Spaghetti Carbonara')
INSERT INTO "myfirstmodule$contains" VALUES(9851624184874100,9570149208163414)
INSERT INTO "myfirstmodule$contains" VALUES(9851624184874099,9570149208163414)
INSERT INTO "myfirstmodule$contains" VALUES(9851624184874098,9570149208163414)
INSERT INTO "myfirstmodule$contains" VALUES(9851624184874097,9570149208163414)
COMMIT
/*C4*/INSERT INTO "myfirstmodule$recipe" VALUES(9851624184874101,'Step1','Delicious recipe with ham','Pasta, Italian, Meat','370 g ham, spaghetti pasta','Spaghetti Carbonara')
COMMIT
/*C3*/INSERT INTO "myfirstmodule$recipelist" VALUES(9570149208163415)
INSERT INTO "myfirstmodule$recipe" VALUES(9851624184874105,'dasdas','dad','beef','dasdsa','Burger Beef')
INSERT INTO "myfirstmodule$recipe" VALUES(9851624184874104,'step','good burger','Chicken','Chicken','Burger Chicken')
INSERT INTO "myfirstmodule$recipe" VALUES(9851624184874103,'Step2','Delicious recipe with tunaX','Pasta, Italian, Fish','70 g whole almonds,1 small onion, 2 cloves of garlic, 4 anchovy fillets in oil, olive oil, 300 g dried fettuccine, 4 baby courgettes, 300 g yellowfin tuna, 1 x 400 g tin of quality cherry tomatoes, 1 lemon, 30 g pecorino cheese, extra virgin olive oil','Tuna fettuccine')
INSERT INTO "myfirstmodule$recipe" VALUES(9851624184874102,'Step1','Delicious recipe with ham','Pasta, Italian, Meat','370 g ham, spaghetti pasta','Spaghetti Carbonara')
INSERT INTO "myfirstmodule$contains" VALUES(9851624184874105,9570149208163415)
INSERT INTO "myfirstmodule$contains" VALUES(9851624184874104,9570149208163415)
INSERT INTO "myfirstmodule$contains" VALUES(9851624184874103,9570149208163415)
INSERT INTO "myfirstmodule$contains" VALUES(9851624184874102,9570149208163415)
COMMIT
/*C2*/INSERT INTO "myfirstmodule$recipe" VALUES(9851624184874106,'Step1','Delicious recipe with ham','Pasta, Italian, Meat','370 g ham, spaghetti pasta','Spaghetti Carbonara')
COMMIT
DELETE FROM "system$session" WHERE "id"=4503599627375099
INSERT INTO "system$session" VALUES(4503599627375099,'a6a645bd-6e9e-429b-8475-3e9290530213','2018-10-08 10:16:58.232000','4fac906b-f918-421b-a260-24d880db7bc4','2018-10-08 10:23:37.048000','5119923f-71a4-49a2-86d9-ed94cf195812')
COMMIT
INSERT INTO "myfirstmodule$recipelist" VALUES(9570149208163416)
INSERT INTO "myfirstmodule$recipe" VALUES(9851624184874110,'dasdas','dad','beef','dasdsa','Burger Beef')
INSERT INTO "myfirstmodule$recipe" VALUES(9851624184874109,'step','good burger','Chicken','Chicken','Burger Chicken')
INSERT INTO "myfirstmodule$recipe" VALUES(9851624184874108,'Step2','Delicious recipe with tunaX','Pasta, Italian, Fish','70 g whole almonds,1 small onion, 2 cloves of garlic, 4 anchovy fillets in oil, olive oil, 300 g dried fettuccine, 4 baby courgettes, 300 g yellowfin tuna, 1 x 400 g tin of quality cherry tomatoes, 1 lemon, 30 g pecorino cheese, extra virgin olive oil','Tuna fettuccine')
INSERT INTO "myfirstmodule$recipe" VALUES(9851624184874107,'Step1','Delicious recipe with ham','Pasta, Italian, Meat','370 g ham, spaghetti pasta','Spaghetti Carbonara')
INSERT INTO "myfirstmodule$contains" VALUES(9851624184874110,9570149208163416)
INSERT INTO "myfirstmodule$contains" VALUES(9851624184874109,9570149208163416)
INSERT INTO "myfirstmodule$contains" VALUES(9851624184874108,9570149208163416)
INSERT INTO "myfirstmodule$contains" VALUES(9851624184874107,9570149208163416)
COMMIT
INSERT INTO "myfirstmodule$recipe" VALUES(9851624184874111,'Step1','Delicious recipe with ham','Pasta, Italian, Meat','370 g ham, spaghetti pasta','Spaghetti Carbonara')
COMMIT
DELETE FROM "system$session" WHERE "id"=4503599627375099
DELETE FROM "system$session_user" WHERE "system$sessionid"=4503599627375099 AND "system$userid"=5348024557502466
COMMIT
/*C3*/DELETE FROM "system$user" WHERE "id"=5348024557502465
INSERT INTO "system$user" VALUES(5348024557502465,'2018-10-08 10:03:05.315000',TRUE,'2018-10-08 10:03:05.315000','2018-10-08 10:24:32.536000',FALSE,FALSE,0,FALSE,'demo_administrator','{BCrypt}$2a$10$qu88DNjGQUciNGruWDM4ne85KFra.ANO13CTKD2RJJCgy1iIg04Ou','Administration.Account',NULL,5348024557502465)
COMMIT
INSERT INTO "system$session" VALUES(4503599627375100,'486a3c9a-44b9-4fb7-a99b-8781d1f039a2','2018-10-08 10:24:32.548000','e2e77d9f-7b54-46e4-8824-a7b5c79f3eca','2018-10-08 10:24:32.548000','5587787c-ef5b-45f8-bea3-ebf6086f2220')
INSERT INTO "system$session_user" VALUES(4503599627375100,5348024557502465)
COMMIT
/*C2*/INSERT INTO "myfirstmodule$recipelist" VALUES(9570149208163417)
INSERT INTO "myfirstmodule$recipe" VALUES(9851624184874115,'dasdas','dad','beef','dasdsa','Burger Beef')
INSERT INTO "myfirstmodule$recipe" VALUES(9851624184874114,'step','good burger','Chicken','Chicken','Burger Chicken')
INSERT INTO "myfirstmodule$recipe" VALUES(9851624184874113,'Step2','Delicious recipe with tunaX','Pasta, Italian, Fish','70 g whole almonds,1 small onion, 2 cloves of garlic, 4 anchovy fillets in oil, olive oil, 300 g dried fettuccine, 4 baby courgettes, 300 g yellowfin tuna, 1 x 400 g tin of quality cherry tomatoes, 1 lemon, 30 g pecorino cheese, extra virgin olive oil','Tuna fettuccine')
INSERT INTO "myfirstmodule$recipe" VALUES(9851624184874112,'Step1','Delicious recipe with ham','Pasta, Italian, Meat','370 g ham, spaghetti pasta','Spaghetti Carbonara')
INSERT INTO "myfirstmodule$contains" VALUES(9851624184874115,9570149208163417)
INSERT INTO "myfirstmodule$contains" VALUES(9851624184874114,9570149208163417)
INSERT INTO "myfirstmodule$contains" VALUES(9851624184874113,9570149208163417)
INSERT INTO "myfirstmodule$contains" VALUES(9851624184874112,9570149208163417)
COMMIT
/*C4*/INSERT INTO "myfirstmodule$recipe" VALUES(9851624184874116,'Step1','Delicious recipe with ham','Pasta, Italian, Meat','370 g ham, spaghetti pasta','Spaghetti Carbonara')
COMMIT
INSERT INTO "myfirstmodule$recipelist" VALUES(9570149208163418)
INSERT INTO "myfirstmodule$recipe" VALUES(9851624184874120,'dasdas','dad','beef','dasdsa','Burger Beef')
INSERT INTO "myfirstmodule$recipe" VALUES(9851624184874119,'step','good burger','Chicken','Chicken','Burger Chicken')
INSERT INTO "myfirstmodule$recipe" VALUES(9851624184874118,'Step2','Delicious recipe with tunaX','Pasta, Italian, Fish','70 g whole almonds,1 small onion, 2 cloves of garlic, 4 anchovy fillets in oil, olive oil, 300 g dried fettuccine, 4 baby courgettes, 300 g yellowfin tuna, 1 x 400 g tin of quality cherry tomatoes, 1 lemon, 30 g pecorino cheese, extra virgin olive oil','Tuna fettuccine')
INSERT INTO "myfirstmodule$recipe" VALUES(9851624184874117,'Step1','Delicious recipe with ham','Pasta, Italian, Meat','370 g ham, spaghetti pasta','Spaghetti Carbonara')
INSERT INTO "myfirstmodule$contains" VALUES(9851624184874120,9570149208163418)
INSERT INTO "myfirstmodule$contains" VALUES(9851624184874119,9570149208163418)
INSERT INTO "myfirstmodule$contains" VALUES(9851624184874118,9570149208163418)
INSERT INTO "myfirstmodule$contains" VALUES(9851624184874117,9570149208163418)
COMMIT
/*C3*/INSERT INTO "myfirstmodule$recipe" VALUES(9851624184874121,'Step1','Delicious recipe with ham','Pasta, Italian, Meat','370 g ham, spaghetti pasta','Spaghetti Carbonara')
COMMIT
DELETE FROM "system$session" WHERE "id"=4503599627375100
INSERT INTO "system$session" VALUES(4503599627375100,'486a3c9a-44b9-4fb7-a99b-8781d1f039a2','2018-10-08 10:24:32.548000','e2e77d9f-7b54-46e4-8824-a7b5c79f3eca','2018-10-08 10:24:46.581000','5587787c-ef5b-45f8-bea3-ebf6086f2220')
COMMIT
DELETE FROM "system$xasinstance" WHERE "id"=1125899906847225
INSERT INTO "system$xasinstance" VALUES(1125899906847225,'bfe611ef-65b6-4122-8dad-d363c6c52d4b','2018-10-08 10:16:05.259000','2018-10-08 10:26:05.293000',NULL,NULL,NULL)
COMMIT
INSERT INTO "myfirstmodule$recipelist" VALUES(9570149208163419)
INSERT INTO "myfirstmodule$recipe" VALUES(9851624184874125,'dasdas','dad','beef','dasdsa','Burger Beef')
INSERT INTO "myfirstmodule$recipe" VALUES(9851624184874124,'step','good burger','Chicken','Chicken','Burger Chicken')
INSERT INTO "myfirstmodule$recipe" VALUES(9851624184874123,'Step2','Delicious recipe with tunaX','Pasta, Italian, Fish','70 g whole almonds,1 small onion, 2 cloves of garlic, 4 anchovy fillets in oil, olive oil, 300 g dried fettuccine, 4 baby courgettes, 300 g yellowfin tuna, 1 x 400 g tin of quality cherry tomatoes, 1 lemon, 30 g pecorino cheese, extra virgin olive oil','Tuna fettuccine')
INSERT INTO "myfirstmodule$recipe" VALUES(9851624184874122,'Step1','Delicious recipe with ham','Pasta, Italian, Meat','370 g ham, spaghetti pasta','Spaghetti Carbonara')
INSERT INTO "myfirstmodule$contains" VALUES(9851624184874125,9570149208163419)
INSERT INTO "myfirstmodule$contains" VALUES(9851624184874124,9570149208163419)
INSERT INTO "myfirstmodule$contains" VALUES(9851624184874123,9570149208163419)
INSERT INTO "myfirstmodule$contains" VALUES(9851624184874122,9570149208163419)
COMMIT
/*C2*/INSERT INTO "myfirstmodule$recipe" VALUES(9851624184874126,'Step1','Delicious recipe with ham','Pasta, Italian, Meat','370 g ham, spaghetti pasta','Spaghetti Carbonara')
COMMIT
/*C4*/INSERT INTO "myfirstmodule$recipelist" VALUES(9570149208163420)
INSERT INTO "myfirstmodule$recipe" VALUES(9851624184874130,'dasdas','dad','beef','dasdsa','Burger Beef')
INSERT INTO "myfirstmodule$recipe" VALUES(9851624184874129,'step','good burger','Chicken','Chicken','Burger Chicken')
INSERT INTO "myfirstmodule$recipe" VALUES(9851624184874128,'Step2','Delicious recipe with tunaX','Pasta, Italian, Fish','70 g whole almonds,1 small onion, 2 cloves of garlic, 4 anchovy fillets in oil, olive oil, 300 g dried fettuccine, 4 baby courgettes, 300 g yellowfin tuna, 1 x 400 g tin of quality cherry tomatoes, 1 lemon, 30 g pecorino cheese, extra virgin olive oil','Tuna fettuccine')
INSERT INTO "myfirstmodule$recipe" VALUES(9851624184874127,'Step1','Delicious recipe with ham','Pasta, Italian, Meat','370 g ham, spaghetti pasta','Spaghetti Carbonara')
INSERT INTO "myfirstmodule$contains" VALUES(9851624184874130,9570149208163420)
INSERT INTO "myfirstmodule$contains" VALUES(9851624184874129,9570149208163420)
INSERT INTO "myfirstmodule$contains" VALUES(9851624184874128,9570149208163420)
INSERT INTO "myfirstmodule$contains" VALUES(9851624184874127,9570149208163420)
COMMIT
/*C2*/INSERT INTO "myfirstmodule$recipelist" VALUES(9570149208163421)
INSERT INTO "myfirstmodule$recipe" VALUES(9851624184874134,'dasdas','dad','beef','dasdsa','Burger Beef')
INSERT INTO "myfirstmodule$recipe" VALUES(9851624184874133,'step','good burger','Chicken','Chicken','Burger Chicken')
INSERT INTO "myfirstmodule$recipe" VALUES(9851624184874132,'Step2','Delicious recipe with tunaX','Pasta, Italian, Fish','70 g whole almonds,1 small onion, 2 cloves of garlic, 4 anchovy fillets in oil, olive oil, 300 g dried fettuccine, 4 baby courgettes, 300 g yellowfin tuna, 1 x 400 g tin of quality cherry tomatoes, 1 lemon, 30 g pecorino cheese, extra virgin olive oil','Tuna fettuccine')
INSERT INTO "myfirstmodule$recipe" VALUES(9851624184874131,'Step1','Delicious recipe with ham','Pasta, Italian, Meat','370 g ham, spaghetti pasta','Spaghetti Carbonara')
INSERT INTO "myfirstmodule$contains" VALUES(9851624184874134,9570149208163421)
INSERT INTO "myfirstmodule$contains" VALUES(9851624184874133,9570149208163421)
INSERT INTO "myfirstmodule$contains" VALUES(9851624184874132,9570149208163421)
INSERT INTO "myfirstmodule$contains" VALUES(9851624184874131,9570149208163421)
COMMIT
/*C3*/INSERT INTO "myfirstmodule$recipelist" VALUES(9570149208163422)
INSERT INTO "myfirstmodule$recipe" VALUES(9851624184874138,'dasdas','dad','beef','dasdsa','Burger Beef')
INSERT INTO "myfirstmodule$recipe" VALUES(9851624184874137,'step','good burger','Chicken','Chicken','Burger Chicken')
INSERT INTO "myfirstmodule$recipe" VALUES(9851624184874136,'Step2','Delicious recipe with tunaX','Pasta, Italian, Fish','70 g whole almonds,1 small onion, 2 cloves of garlic, 4 anchovy fillets in oil, olive oil, 300 g dried fettuccine, 4 baby courgettes, 300 g yellowfin tuna, 1 x 400 g tin of quality cherry tomatoes, 1 lemon, 30 g pecorino cheese, extra virgin olive oil','Tuna fettuccine')
INSERT INTO "myfirstmodule$recipe" VALUES(9851624184874135,'Step1','Delicious recipe with ham','Pasta, Italian, Meat','370 g ham, spaghetti pasta','Spaghetti Carbonara')
INSERT INTO "myfirstmodule$contains" VALUES(9851624184874138,9570149208163422)
INSERT INTO "myfirstmodule$contains" VALUES(9851624184874137,9570149208163422)
INSERT INTO "myfirstmodule$contains" VALUES(9851624184874136,9570149208163422)
INSERT INTO "myfirstmodule$contains" VALUES(9851624184874135,9570149208163422)
COMMIT
INSERT INTO "myfirstmodule$recipelist" VALUES(9570149208163423)
INSERT INTO "myfirstmodule$recipe" VALUES(9851624184874142,'dasdas','dad','beef','dasdsa','Burger Beef')
INSERT INTO "myfirstmodule$recipe" VALUES(9851624184874141,'step','good burger','Chicken','Chicken','Burger Chicken')
INSERT INTO "myfirstmodule$recipe" VALUES(9851624184874140,'Step2','Delicious recipe with tunaX','Pasta, Italian, Fish','70 g whole almonds,1 small onion, 2 cloves of garlic, 4 anchovy fillets in oil, olive oil, 300 g dried fettuccine, 4 baby courgettes, 300 g yellowfin tuna, 1 x 400 g tin of quality cherry tomatoes, 1 lemon, 30 g pecorino cheese, extra virgin olive oil','Tuna fettuccine')
INSERT INTO "myfirstmodule$recipe" VALUES(9851624184874139,'Step1','Delicious recipe with ham','Pasta, Italian, Meat','370 g ham, spaghetti pasta','Spaghetti Carbonara')
INSERT INTO "myfirstmodule$contains" VALUES(9851624184874142,9570149208163423)
INSERT INTO "myfirstmodule$contains" VALUES(9851624184874141,9570149208163423)
INSERT INTO "myfirstmodule$contains" VALUES(9851624184874140,9570149208163423)
INSERT INTO "myfirstmodule$contains" VALUES(9851624184874139,9570149208163423)
COMMIT
/*C2*/INSERT INTO "myfirstmodule$recipe" VALUES(9851624184874143,'Step2','Delicious recipe with tunaX','Pasta, Italian, Fish','70 g whole almonds,1 small onion, 2 cloves of garlic, 4 anchovy fillets in oil, olive oil, 300 g dried fettuccine, 4 baby courgettes, 300 g yellowfin tuna, 1 x 400 g tin of quality cherry tomatoes, 1 lemon, 30 g pecorino cheese, extra virgin olive oil','Tuna fettuccine')
COMMIT
/*C4*/INSERT INTO "myfirstmodule$recipelist" VALUES(9570149208163424)
INSERT INTO "myfirstmodule$recipe" VALUES(9851624184874147,'dasdas','dad','beef','dasdsa','Burger Beef')
INSERT INTO "myfirstmodule$recipe" VALUES(9851624184874146,'step','good burger','Chicken','Chicken','Burger Chicken')
INSERT INTO "myfirstmodule$recipe" VALUES(9851624184874145,'Step2','Delicious recipe with tunaX','Pasta, Italian, Fish','70 g whole almonds,1 small onion, 2 cloves of garlic, 4 anchovy fillets in oil, olive oil, 300 g dried fettuccine, 4 baby courgettes, 300 g yellowfin tuna, 1 x 400 g tin of quality cherry tomatoes, 1 lemon, 30 g pecorino cheese, extra virgin olive oil','Tuna fettuccine')
INSERT INTO "myfirstmodule$recipe" VALUES(9851624184874144,'Step1','Delicious recipe with ham','Pasta, Italian, Meat','370 g ham, spaghetti pasta','Spaghetti Carbonara')
INSERT INTO "myfirstmodule$contains" VALUES(9851624184874147,9570149208163424)
INSERT INTO "myfirstmodule$contains" VALUES(9851624184874146,9570149208163424)
INSERT INTO "myfirstmodule$contains" VALUES(9851624184874145,9570149208163424)
INSERT INTO "myfirstmodule$contains" VALUES(9851624184874144,9570149208163424)
COMMIT
/*C2*/DELETE FROM "system$session" WHERE "id"=4503599627375100
INSERT INTO "system$session" VALUES(4503599627375100,'486a3c9a-44b9-4fb7-a99b-8781d1f039a2','2018-10-08 10:24:32.548000','e2e77d9f-7b54-46e4-8824-a7b5c79f3eca','2018-10-08 10:27:40.492000','5587787c-ef5b-45f8-bea3-ebf6086f2220')
COMMIT
/*C4*/INSERT INTO "myfirstmodule$recipelist" VALUES(9570149208163425)
INSERT INTO "myfirstmodule$recipe" VALUES(9851624184874152,'dasdas','dad','beef','dasdsa','Burger Beef')
INSERT INTO "myfirstmodule$recipe" VALUES(9851624184874151,'step','good burger','Chicken','Chicken','Burger Chicken')
INSERT INTO "myfirstmodule$recipe" VALUES(9851624184874150,'Step2','Delicious recipe with tunaX','Pasta, Italian, Fish','70 g whole almonds,1 small onion, 2 cloves of garlic, 4 anchovy fillets in oil, olive oil, 300 g dried fettuccine, 4 baby courgettes, 300 g yellowfin tuna, 1 x 400 g tin of quality cherry tomatoes, 1 lemon, 30 g pecorino cheese, extra virgin olive oil','Tuna fettuccine')
INSERT INTO "myfirstmodule$recipe" VALUES(9851624184874149,'Step1','Delicious recipe with ham','Pasta, Italian, Meat','370 g ham, spaghetti pasta','Spaghetti Carbonara')
INSERT INTO "myfirstmodule$contains" VALUES(9851624184874152,9570149208163425)
INSERT INTO "myfirstmodule$contains" VALUES(9851624184874151,9570149208163425)
INSERT INTO "myfirstmodule$contains" VALUES(9851624184874150,9570149208163425)
INSERT INTO "myfirstmodule$contains" VALUES(9851624184874149,9570149208163425)
COMMIT
/*C2*/INSERT INTO "myfirstmodule$recipelist" VALUES(9570149208163426)
INSERT INTO "myfirstmodule$recipe" VALUES(9851624184874154,'dasdas','dad','beef','dasdsa','Burger Beef')
INSERT INTO "myfirstmodule$contains" VALUES(9851624184874154,9570149208163426)
COMMIT
/*C4*/INSERT INTO "myfirstmodule$recipelist" VALUES(9570149208163427)
INSERT INTO "myfirstmodule$recipe" VALUES(9851624184874159,'dasdas','dad','beef','dasdsa','Burger Beef')
INSERT INTO "myfirstmodule$recipe" VALUES(9851624184874158,'step','good burger','Chicken','Chicken','Burger Chicken')
INSERT INTO "myfirstmodule$recipe" VALUES(9851624184874157,'Step2','Delicious recipe with tunaX','Pasta, Italian, Fish','70 g whole almonds,1 small onion, 2 cloves of garlic, 4 anchovy fillets in oil, olive oil, 300 g dried fettuccine, 4 baby courgettes, 300 g yellowfin tuna, 1 x 400 g tin of quality cherry tomatoes, 1 lemon, 30 g pecorino cheese, extra virgin olive oil','Tuna fettuccine')
INSERT INTO "myfirstmodule$recipe" VALUES(9851624184874156,'Step1','Delicious recipe with ham','Pasta, Italian, Meat','370 g ham, spaghetti pasta','Spaghetti Carbonara')
INSERT INTO "myfirstmodule$contains" VALUES(9851624184874159,9570149208163427)
INSERT INTO "myfirstmodule$contains" VALUES(9851624184874158,9570149208163427)
INSERT INTO "myfirstmodule$contains" VALUES(9851624184874157,9570149208163427)
INSERT INTO "myfirstmodule$contains" VALUES(9851624184874156,9570149208163427)
COMMIT
DELETE FROM "system$session" WHERE "id"=4503599627375100
INSERT INTO "system$session" VALUES(4503599627375100,'486a3c9a-44b9-4fb7-a99b-8781d1f039a2','2018-10-08 10:24:32.548000','e2e77d9f-7b54-46e4-8824-a7b5c79f3eca','2018-10-08 10:29:19.809000','5587787c-ef5b-45f8-bea3-ebf6086f2220')
COMMIT
/*C3*/DELETE FROM "mendixsystem$entityidentifier" WHERE "id"='8eae269c-cd9b-465c-b947-7d36086ec3c1'
INSERT INTO "mendixsystem$entityidentifier" VALUES('8eae269c-cd9b-465c-b947-7d36086ec3c1',22,4601)
COMMIT
/*C4*/DELETE FROM "mendixsystem$entityidentifier" WHERE "id"='1bca2a8e-931b-4cd2-8eb2-c5209655495c'
INSERT INTO "mendixsystem$entityidentifier" VALUES('1bca2a8e-931b-4cd2-8eb2-c5209655495c',35,1301)
COMMIT
INSERT INTO "myfirstmodule$recipelist" VALUES(9570149208163428)
INSERT INTO "myfirstmodule$recipe" VALUES(9851624184874162,'Step2','Delicious recipe with tunaX','Pasta, Italian, Fish','70 g whole almonds,1 small onion, 2 cloves of garlic, 4 anchovy fillets in oil, olive oil, 300 g dried fettuccine, 4 baby courgettes, 300 g yellowfin tuna, 1 x 400 g tin of quality cherry tomatoes, 1 lemon, 30 g pecorino cheese, extra virgin olive oil','Tuna fettuccine')
INSERT INTO "myfirstmodule$recipe" VALUES(9851624184874161,'Step1','Delicious recipe with ham','Pasta, Italian, Meat','370 g ham, spaghetti pasta','Spaghetti Carbonara')
INSERT INTO "myfirstmodule$contains" VALUES(9851624184874162,9570149208163428)
INSERT INTO "myfirstmodule$contains" VALUES(9851624184874161,9570149208163428)
COMMIT
/*C2*/INSERT INTO "myfirstmodule$recipelist" VALUES(9570149208163429)
INSERT INTO "myfirstmodule$recipe" VALUES(9851624184874166,'dasdas','dad','beef','dasdsa','Burger Beef')
INSERT INTO "myfirstmodule$recipe" VALUES(9851624184874165,'step','good burger','Chicken','Chicken','Burger Chicken')
INSERT INTO "myfirstmodule$recipe" VALUES(9851624184874164,'Step2','Delicious recipe with tunaX','Pasta, Italian, Fish','70 g whole almonds,1 small onion, 2 cloves of garlic, 4 anchovy fillets in oil, olive oil, 300 g dried fettuccine, 4 baby courgettes, 300 g yellowfin tuna, 1 x 400 g tin of quality cherry tomatoes, 1 lemon, 30 g pecorino cheese, extra virgin olive oil','Tuna fettuccine')
INSERT INTO "myfirstmodule$recipe" VALUES(9851624184874163,'Step1','Delicious recipe with ham','Pasta, Italian, Meat','370 g ham, spaghetti pasta','Spaghetti Carbonara')
INSERT INTO "myfirstmodule$contains" VALUES(9851624184874166,9570149208163429)
INSERT INTO "myfirstmodule$contains" VALUES(9851624184874165,9570149208163429)
INSERT INTO "myfirstmodule$contains" VALUES(9851624184874164,9570149208163429)
INSERT INTO "myfirstmodule$contains" VALUES(9851624184874163,9570149208163429)
COMMIT
INSERT INTO "myfirstmodule$recipelist" VALUES(9570149208163430)
INSERT INTO "myfirstmodule$recipe" VALUES(9851624184874172,'dasdas','dad','beef','dasdsa','Burger Beef')
INSERT INTO "myfirstmodule$recipe" VALUES(9851624184874171,'step','good burger','Chicken','Chicken','Burger Chicken')
INSERT INTO "myfirstmodule$recipe" VALUES(9851624184874170,'Step2','Delicious recipe with tunaX','Pasta, Italian, Fish','70 g whole almonds,1 small onion, 2 cloves of garlic, 4 anchovy fillets in oil, olive oil, 300 g dried fettuccine, 4 baby courgettes, 300 g yellowfin tuna, 1 x 400 g tin of quality cherry tomatoes, 1 lemon, 30 g pecorino cheese, extra virgin olive oil','Tuna fettuccine')
INSERT INTO "myfirstmodule$recipe" VALUES(9851624184874169,'Step1','Delicious recipe with ham','Pasta, Italian, Meat','370 g ham, spaghetti pasta','Spaghetti Carbonara')
INSERT INTO "myfirstmodule$contains" VALUES(9851624184874172,9570149208163430)
INSERT INTO "myfirstmodule$contains" VALUES(9851624184874171,9570149208163430)
INSERT INTO "myfirstmodule$contains" VALUES(9851624184874170,9570149208163430)
INSERT INTO "myfirstmodule$contains" VALUES(9851624184874169,9570149208163430)
COMMIT
/*C4*/INSERT INTO "myfirstmodule$recipe" VALUES(9851624184874173,'Step1','Delicious recipe with ham','Pasta, Italian, Meat','370 g ham, spaghetti pasta','Spaghetti Carbonara')
COMMIT
/*C2*/INSERT INTO "myfirstmodule$recipelist" VALUES(9570149208163431)
INSERT INTO "myfirstmodule$recipe" VALUES(9851624184874177,'dasdas','dad','beef','dasdsa','Burger Beef')
INSERT INTO "myfirstmodule$recipe" VALUES(9851624184874176,'step','good burger','Chicken','Chicken','Burger Chicken')
INSERT INTO "myfirstmodule$recipe" VALUES(9851624184874175,'Step2','Delicious recipe with tunaX','Pasta, Italian, Fish','70 g whole almonds,1 small onion, 2 cloves of garlic, 4 anchovy fillets in oil, olive oil, 300 g dried fettuccine, 4 baby courgettes, 300 g yellowfin tuna, 1 x 400 g tin of quality cherry tomatoes, 1 lemon, 30 g pecorino cheese, extra virgin olive oil','Tuna fettuccine')
INSERT INTO "myfirstmodule$recipe" VALUES(9851624184874174,'Step1','Delicious recipe with ham','Pasta, Italian, Meat','370 g ham, spaghetti pasta','Spaghetti Carbonara')
INSERT INTO "myfirstmodule$contains" VALUES(9851624184874177,9570149208163431)
INSERT INTO "myfirstmodule$contains" VALUES(9851624184874176,9570149208163431)
INSERT INTO "myfirstmodule$contains" VALUES(9851624184874175,9570149208163431)
INSERT INTO "myfirstmodule$contains" VALUES(9851624184874174,9570149208163431)
COMMIT
/*C3*/INSERT INTO "myfirstmodule$recipe" VALUES(9851624184874178,'Step1','Delicious recipe with ham','Pasta, Italian, Meat','370 g ham, spaghetti pasta','Spaghetti Carbonara')
COMMIT
/*C4*/INSERT INTO "myfirstmodule$recipelist" VALUES(9570149208163432)
INSERT INTO "myfirstmodule$recipe" VALUES(9851624184874182,'dasdas','dad','beef','dasdsa','Burger Beef')
INSERT INTO "myfirstmodule$recipe" VALUES(9851624184874181,'step','good burger','Chicken','Chicken','Burger Chicken')
INSERT INTO "myfirstmodule$recipe" VALUES(9851624184874180,'Step2','Delicious recipe with tunaX','Pasta, Italian, Fish','70 g whole almonds,1 small onion, 2 cloves of garlic, 4 anchovy fillets in oil, olive oil, 300 g dried fettuccine, 4 baby courgettes, 300 g yellowfin tuna, 1 x 400 g tin of quality cherry tomatoes, 1 lemon, 30 g pecorino cheese, extra virgin olive oil','Tuna fettuccine')
INSERT INTO "myfirstmodule$recipe" VALUES(9851624184874179,'Step1','Delicious recipe with ham','Pasta, Italian, Meat','370 g ham, spaghetti pasta','Spaghetti Carbonara')
INSERT INTO "myfirstmodule$contains" VALUES(9851624184874182,9570149208163432)
INSERT INTO "myfirstmodule$contains" VALUES(9851624184874181,9570149208163432)
INSERT INTO "myfirstmodule$contains" VALUES(9851624184874180,9570149208163432)
INSERT INTO "myfirstmodule$contains" VALUES(9851624184874179,9570149208163432)
COMMIT
DELETE FROM "system$session" WHERE "id"=4503599627375100
INSERT INTO "system$session" VALUES(4503599627375100,'486a3c9a-44b9-4fb7-a99b-8781d1f039a2','2018-10-08 10:24:32.548000','e2e77d9f-7b54-46e4-8824-a7b5c79f3eca','2018-10-08 10:30:51.453000','5587787c-ef5b-45f8-bea3-ebf6086f2220')
COMMIT
DELETE FROM "system$xasinstance" WHERE "id"=1125899906847225
INSERT INTO "system$xasinstance" VALUES(1125899906847225,'bfe611ef-65b6-4122-8dad-d363c6c52d4b','2018-10-08 10:16:05.259000','2018-10-08 10:31:05.298000',NULL,NULL,NULL)
COMMIT
DELETE FROM "system$session" WHERE "id"=4503599627375100
DELETE FROM "system$session_user" WHERE "system$sessionid"=4503599627375100 AND "system$userid"=5348024557502465
COMMIT
/*C3*/DELETE FROM "system$user" WHERE "id"=5348024557502466
INSERT INTO "system$user" VALUES(5348024557502466,'2018-10-08 10:03:05.613000',TRUE,'2018-10-08 10:03:05.613000','2018-10-08 10:31:07.208000',FALSE,FALSE,0,FALSE,'demo_user','{BCrypt}$2a$10$6cc6kAL.NR5BE5O7BSbzx.jXhgcp7xLAWZZRMt3.jSEnH24Ja510K','Administration.Account',NULL,5348024557502466)
COMMIT
/*C4*/INSERT INTO "system$session" VALUES(4503599627375101,'ece78282-026d-4a05-b134-bdd334ba594f','2018-10-08 10:31:07.218000','267df5f8-50f8-4131-86ec-a5029960d9af','2018-10-08 10:31:07.218000','b1a1276d-205d-4a9c-b4d5-bece087fa43f')
INSERT INTO "system$session_user" VALUES(4503599627375101,5348024557502466)
COMMIT
/*C2*/INSERT INTO "myfirstmodule$recipelist" VALUES(9570149208163433)
INSERT INTO "myfirstmodule$recipe" VALUES(9851624184874186,'dasdas','dad','beef','dasdsa','Burger Beef')
INSERT INTO "myfirstmodule$recipe" VALUES(9851624184874185,'step','good burger','Chicken','Chicken','Burger Chicken')
INSERT INTO "myfirstmodule$recipe" VALUES(9851624184874184,'Step2','Delicious recipe with tunaX','Pasta, Italian, Fish','70 g whole almonds,1 small onion, 2 cloves of garlic, 4 anchovy fillets in oil, olive oil, 300 g dried fettuccine, 4 baby courgettes, 300 g yellowfin tuna, 1 x 400 g tin of quality cherry tomatoes, 1 lemon, 30 g pecorino cheese, extra virgin olive oil','Tuna fettuccine')
INSERT INTO "myfirstmodule$recipe" VALUES(9851624184874183,'Step1','Delicious recipe with ham','Pasta, Italian, Meat','370 g ham, spaghetti pasta','Spaghetti Carbonara')
INSERT INTO "myfirstmodule$contains" VALUES(9851624184874186,9570149208163433)
INSERT INTO "myfirstmodule$contains" VALUES(9851624184874185,9570149208163433)
INSERT INTO "myfirstmodule$contains" VALUES(9851624184874184,9570149208163433)
INSERT INTO "myfirstmodule$contains" VALUES(9851624184874183,9570149208163433)
COMMIT
/*C3*/INSERT INTO "myfirstmodule$recipe" VALUES(9851624184874187,'Step1','Delicious recipe with ham','Pasta, Italian, Meat','370 g ham, spaghetti pasta','Spaghetti Carbonara')
COMMIT
INSERT INTO "myfirstmodule$recipelist" VALUES(9570149208163434)
INSERT INTO "myfirstmodule$recipe" VALUES(9851624184874191,'dasdas','dad','beef','dasdsa','Burger Beef')
INSERT INTO "myfirstmodule$recipe" VALUES(9851624184874190,'step','good burger','Chicken','Chicken','Burger Chicken')
INSERT INTO "myfirstmodule$recipe" VALUES(9851624184874189,'Step2','Delicious recipe with tunaX','Pasta, Italian, Fish','70 g whole almonds,1 small onion, 2 cloves of garlic, 4 anchovy fillets in oil, olive oil, 300 g dried fettuccine, 4 baby courgettes, 300 g yellowfin tuna, 1 x 400 g tin of quality cherry tomatoes, 1 lemon, 30 g pecorino cheese, extra virgin olive oil','Tuna fettuccine')
INSERT INTO "myfirstmodule$recipe" VALUES(9851624184874188,'Step1','Delicious recipe with ham','Pasta, Italian, Meat','370 g ham, spaghetti pasta','Spaghetti Carbonara')
INSERT INTO "myfirstmodule$contains" VALUES(9851624184874191,9570149208163434)
INSERT INTO "myfirstmodule$contains" VALUES(9851624184874190,9570149208163434)
INSERT INTO "myfirstmodule$contains" VALUES(9851624184874189,9570149208163434)
INSERT INTO "myfirstmodule$contains" VALUES(9851624184874188,9570149208163434)
COMMIT
/*C4*/INSERT INTO "myfirstmodule$recipelist" VALUES(9570149208163435)
INSERT INTO "myfirstmodule$recipe" VALUES(9851624184874194,'Step2','Delicious recipe with tunaX','Pasta, Italian, Fish','70 g whole almonds,1 small onion, 2 cloves of garlic, 4 anchovy fillets in oil, olive oil, 300 g dried fettuccine, 4 baby courgettes, 300 g yellowfin tuna, 1 x 400 g tin of quality cherry tomatoes, 1 lemon, 30 g pecorino cheese, extra virgin olive oil','Tuna fettuccine')
INSERT INTO "myfirstmodule$recipe" VALUES(9851624184874193,'Step1','Delicious recipe with ham','Pasta, Italian, Meat','370 g ham, spaghetti pasta','Spaghetti Carbonara')
INSERT INTO "myfirstmodule$contains" VALUES(9851624184874194,9570149208163435)
INSERT INTO "myfirstmodule$contains" VALUES(9851624184874193,9570149208163435)
COMMIT
DELETE FROM "system$session" WHERE "id"=4503599627375101
INSERT INTO "system$session" VALUES(4503599627375101,'ece78282-026d-4a05-b134-bdd334ba594f','2018-10-08 10:31:07.218000','267df5f8-50f8-4131-86ec-a5029960d9af','2018-10-08 10:31:21.191000','b1a1276d-205d-4a9c-b4d5-bece087fa43f')
COMMIT
/*C3*/INSERT INTO "myfirstmodule$recipelist" VALUES(9570149208163436)
INSERT INTO "myfirstmodule$recipe" VALUES(9851624184874198,'dasdas','dad','beef','dasdsa','Burger Beef')
INSERT INTO "myfirstmodule$recipe" VALUES(9851624184874197,'step','good burger','Chicken','Chicken','Burger Chicken')
INSERT INTO "myfirstmodule$recipe" VALUES(9851624184874196,'Step2','Delicious recipe with tunaX','Pasta, Italian, Fish','70 g whole almonds,1 small onion, 2 cloves of garlic, 4 anchovy fillets in oil, olive oil, 300 g dried fettuccine, 4 baby courgettes, 300 g yellowfin tuna, 1 x 400 g tin of quality cherry tomatoes, 1 lemon, 30 g pecorino cheese, extra virgin olive oil','Tuna fettuccine')
INSERT INTO "myfirstmodule$recipe" VALUES(9851624184874195,'Step1','Delicious recipe with ham','Pasta, Italian, Meat','370 g ham, spaghetti pasta','Spaghetti Carbonara')
INSERT INTO "myfirstmodule$contains" VALUES(9851624184874198,9570149208163436)
INSERT INTO "myfirstmodule$contains" VALUES(9851624184874197,9570149208163436)
INSERT INTO "myfirstmodule$contains" VALUES(9851624184874196,9570149208163436)
INSERT INTO "myfirstmodule$contains" VALUES(9851624184874195,9570149208163436)
COMMIT
/*C4*/INSERT INTO "myfirstmodule$recipelist" VALUES(9570149208163437)
INSERT INTO "myfirstmodule$recipe" VALUES(9851624184874201,'Step2','Delicious recipe with tunaX','Pasta, Italian, Fish','70 g whole almonds,1 small onion, 2 cloves of garlic, 4 anchovy fillets in oil, olive oil, 300 g dried fettuccine, 4 baby courgettes, 300 g yellowfin tuna, 1 x 400 g tin of quality cherry tomatoes, 1 lemon, 30 g pecorino cheese, extra virgin olive oil','Tuna fettuccine')
INSERT INTO "myfirstmodule$recipe" VALUES(9851624184874200,'Step1','Delicious recipe with ham','Pasta, Italian, Meat','370 g ham, spaghetti pasta','Spaghetti Carbonara')
INSERT INTO "myfirstmodule$contains" VALUES(9851624184874201,9570149208163437)
INSERT INTO "myfirstmodule$contains" VALUES(9851624184874200,9570149208163437)
COMMIT
DELETE FROM "system$session" WHERE "id"=4503599627375101
INSERT INTO "system$session" VALUES(4503599627375101,'ece78282-026d-4a05-b134-bdd334ba594f','2018-10-08 10:31:07.218000','267df5f8-50f8-4131-86ec-a5029960d9af','2018-10-08 10:35:11.447000','b1a1276d-205d-4a9c-b4d5-bece087fa43f')
COMMIT
DELETE FROM "system$xasinstance" WHERE "id"=1125899906847225
INSERT INTO "system$xasinstance" VALUES(1125899906847225,'bfe611ef-65b6-4122-8dad-d363c6c52d4b','2018-10-08 10:16:05.259000','2018-10-08 10:36:05.304000',NULL,NULL,NULL)
COMMIT
/*C2*/INSERT INTO "myfirstmodule$recipelist" VALUES(9570149208163438)
INSERT INTO "myfirstmodule$recipe" VALUES(9851624184874205,'dasdas','dad','beef','dasdsa','Burger Beef')
INSERT INTO "myfirstmodule$recipe" VALUES(9851624184874204,'step','good burger','Chicken','Chicken','Burger Chicken')
INSERT INTO "myfirstmodule$recipe" VALUES(9851624184874203,'Step2','Delicious recipe with tunaX','Pasta, Italian, Fish','70 g whole almonds,1 small onion, 2 cloves of garlic, 4 anchovy fillets in oil, olive oil, 300 g dried fettuccine, 4 baby courgettes, 300 g yellowfin tuna, 1 x 400 g tin of quality cherry tomatoes, 1 lemon, 30 g pecorino cheese, extra virgin olive oil','Tuna fettuccine')
INSERT INTO "myfirstmodule$recipe" VALUES(9851624184874202,'Step1','Delicious recipe with ham','Pasta, Italian, Meat','370 g ham, spaghetti pasta','Spaghetti Carbonara')
INSERT INTO "myfirstmodule$contains" VALUES(9851624184874205,9570149208163438)
INSERT INTO "myfirstmodule$contains" VALUES(9851624184874204,9570149208163438)
INSERT INTO "myfirstmodule$contains" VALUES(9851624184874203,9570149208163438)
INSERT INTO "myfirstmodule$contains" VALUES(9851624184874202,9570149208163438)
COMMIT
/*C4*/INSERT INTO "myfirstmodule$recipelist" VALUES(9570149208163439)
INSERT INTO "myfirstmodule$recipe" VALUES(9851624184874208,'Step2','Delicious recipe with tunaX','Pasta, Italian, Fish','70 g whole almonds,1 small onion, 2 cloves of garlic, 4 anchovy fillets in oil, olive oil, 300 g dried fettuccine, 4 baby courgettes, 300 g yellowfin tuna, 1 x 400 g tin of quality cherry tomatoes, 1 lemon, 30 g pecorino cheese, extra virgin olive oil','Tuna fettuccine')
INSERT INTO "myfirstmodule$recipe" VALUES(9851624184874207,'Step1','Delicious recipe with ham','Pasta, Italian, Meat','370 g ham, spaghetti pasta','Spaghetti Carbonara')
INSERT INTO "myfirstmodule$contains" VALUES(9851624184874208,9570149208163439)
INSERT INTO "myfirstmodule$contains" VALUES(9851624184874207,9570149208163439)
COMMIT
DELETE FROM "system$session" WHERE "id"=4503599627375101
INSERT INTO "system$session" VALUES(4503599627375101,'ece78282-026d-4a05-b134-bdd334ba594f','2018-10-08 10:31:07.218000','267df5f8-50f8-4131-86ec-a5029960d9af','2018-10-08 10:37:03.261000','b1a1276d-205d-4a9c-b4d5-bece087fa43f')
COMMIT
INSERT INTO "myfirstmodule$recipelist" VALUES(9570149208163440)
INSERT INTO "myfirstmodule$recipe" VALUES(9851624184874212,'dasdas','dad','beef','dasdsa','Burger Beef')
INSERT INTO "myfirstmodule$recipe" VALUES(9851624184874211,'step','good burger','Chicken','Chicken','Burger Chicken')
INSERT INTO "myfirstmodule$recipe" VALUES(9851624184874210,'Step2','Delicious recipe with tunaX','Pasta, Italian, Fish','70 g whole almonds,1 small onion, 2 cloves of garlic, 4 anchovy fillets in oil, olive oil, 300 g dried fettuccine, 4 baby courgettes, 300 g yellowfin tuna, 1 x 400 g tin of quality cherry tomatoes, 1 lemon, 30 g pecorino cheese, extra virgin olive oil','Tuna fettuccine')
INSERT INTO "myfirstmodule$recipe" VALUES(9851624184874209,'Step1','Delicious recipe with ham','Pasta, Italian, Meat','370 g ham, spaghetti pasta','Spaghetti Carbonara')
INSERT INTO "myfirstmodule$contains" VALUES(9851624184874212,9570149208163440)
INSERT INTO "myfirstmodule$contains" VALUES(9851624184874211,9570149208163440)
INSERT INTO "myfirstmodule$contains" VALUES(9851624184874210,9570149208163440)
INSERT INTO "myfirstmodule$contains" VALUES(9851624184874209,9570149208163440)
COMMIT
INSERT INTO "myfirstmodule$recipelist" VALUES(9570149208163441)
INSERT INTO "myfirstmodule$recipe" VALUES(9851624184874215,'Step2','Delicious recipe with tunaX','Pasta, Italian, Fish','70 g whole almonds,1 small onion, 2 cloves of garlic, 4 anchovy fillets in oil, olive oil, 300 g dried fettuccine, 4 baby courgettes, 300 g yellowfin tuna, 1 x 400 g tin of quality cherry tomatoes, 1 lemon, 30 g pecorino cheese, extra virgin olive oil','Tuna fettuccine')
INSERT INTO "myfirstmodule$recipe" VALUES(9851624184874214,'Step1','Delicious recipe with ham','Pasta, Italian, Meat','370 g ham, spaghetti pasta','Spaghetti Carbonara')
INSERT INTO "myfirstmodule$contains" VALUES(9851624184874215,9570149208163441)
INSERT INTO "myfirstmodule$contains" VALUES(9851624184874214,9570149208163441)
COMMIT
INSERT INTO "myfirstmodule$recipelist" VALUES(9570149208163442)
INSERT INTO "myfirstmodule$recipe" VALUES(9851624184874219,'dasdas','dad','beef','dasdsa','Burger Beef')
INSERT INTO "myfirstmodule$recipe" VALUES(9851624184874218,'step','good burger','Chicken','Chicken','Burger Chicken')
INSERT INTO "myfirstmodule$recipe" VALUES(9851624184874217,'Step2','Delicious recipe with tunaX','Pasta, Italian, Fish','70 g whole almonds,1 small onion, 2 cloves of garlic, 4 anchovy fillets in oil, olive oil, 300 g dried fettuccine, 4 baby courgettes, 300 g yellowfin tuna, 1 x 400 g tin of quality cherry tomatoes, 1 lemon, 30 g pecorino cheese, extra virgin olive oil','Tuna fettuccine')
INSERT INTO "myfirstmodule$recipe" VALUES(9851624184874216,'Step1','Delicious recipe with ham','Pasta, Italian, Meat','370 g ham, spaghetti pasta','Spaghetti Carbonara')
INSERT INTO "myfirstmodule$contains" VALUES(9851624184874219,9570149208163442)
INSERT INTO "myfirstmodule$contains" VALUES(9851624184874218,9570149208163442)
INSERT INTO "myfirstmodule$contains" VALUES(9851624184874217,9570149208163442)
INSERT INTO "myfirstmodule$contains" VALUES(9851624184874216,9570149208163442)
COMMIT
/*C3*/INSERT INTO "myfirstmodule$recipelist" VALUES(9570149208163443)
INSERT INTO "myfirstmodule$recipe" VALUES(9851624184874222,'Step2','Delicious recipe with tunaX','Pasta, Italian, Fish','70 g whole almonds,1 small onion, 2 cloves of garlic, 4 anchovy fillets in oil, olive oil, 300 g dried fettuccine, 4 baby courgettes, 300 g yellowfin tuna, 1 x 400 g tin of quality cherry tomatoes, 1 lemon, 30 g pecorino cheese, extra virgin olive oil','Tuna fettuccine')
INSERT INTO "myfirstmodule$recipe" VALUES(9851624184874221,'Step1','Delicious recipe with ham','Pasta, Italian, Meat','370 g ham, spaghetti pasta','Spaghetti Carbonara')
INSERT INTO "myfirstmodule$contains" VALUES(9851624184874222,9570149208163443)
INSERT INTO "myfirstmodule$contains" VALUES(9851624184874221,9570149208163443)
COMMIT
/*C2*/INSERT INTO "myfirstmodule$recipe" VALUES(9851624184874223,'Step1','Delicious recipe with ham','Pasta, Italian, Meat','370 g ham, spaghetti pasta','Spaghetti Carbonara')
COMMIT
/*C4*/INSERT INTO "myfirstmodule$recipelist" VALUES(9570149208163444)
INSERT INTO "myfirstmodule$recipe" VALUES(9851624184874228,'dasdas','dad','beef','dasdsa','Burger Beef')
INSERT INTO "myfirstmodule$recipe" VALUES(9851624184874227,'step','good burger','Chicken','Chicken','Burger Chicken')
INSERT INTO "myfirstmodule$recipe" VALUES(9851624184874226,'Step2','Delicious recipe with tunaX','Pasta, Italian, Fish','70 g whole almonds,1 small onion, 2 cloves of garlic, 4 anchovy fillets in oil, olive oil, 300 g dried fettuccine, 4 baby courgettes, 300 g yellowfin tuna, 1 x 400 g tin of quality cherry tomatoes, 1 lemon, 30 g pecorino cheese, extra virgin olive oil','Tuna fettuccine')
INSERT INTO "myfirstmodule$recipe" VALUES(9851624184874225,'Step1','Delicious recipe with ham','Pasta, Italian, Meat','370 g ham, spaghetti pasta','Spaghetti Carbonara')
INSERT INTO "myfirstmodule$contains" VALUES(9851624184874228,9570149208163444)
INSERT INTO "myfirstmodule$contains" VALUES(9851624184874227,9570149208163444)
INSERT INTO "myfirstmodule$contains" VALUES(9851624184874226,9570149208163444)
INSERT INTO "myfirstmodule$contains" VALUES(9851624184874225,9570149208163444)
COMMIT
DELETE FROM "system$session" WHERE "id"=4503599627375101
DELETE FROM "system$session_user" WHERE "system$sessionid"=4503599627375101 AND "system$userid"=5348024557502466
COMMIT
/*C3*/DELETE FROM "system$user" WHERE "id"=5348024557502465
INSERT INTO "system$user" VALUES(5348024557502465,'2018-10-08 10:03:05.315000',TRUE,'2018-10-08 10:03:05.315000','2018-10-08 10:39:00.376000',FALSE,FALSE,0,FALSE,'demo_administrator','{BCrypt}$2a$10$qu88DNjGQUciNGruWDM4ne85KFra.ANO13CTKD2RJJCgy1iIg04Ou','Administration.Account',NULL,5348024557502465)
COMMIT
/*C4*/INSERT INTO "system$session" VALUES(4503599627375102,'2f71d19f-9f43-484c-939a-25f2d177bc85','2018-10-08 10:39:00.385000','6958d7b4-583d-43fd-9e7d-b58408b68c5a','2018-10-08 10:39:00.385000','9a80af2a-62ad-4a92-8ef4-b59ea48899da')
INSERT INTO "system$session_user" VALUES(4503599627375102,5348024557502465)
COMMIT
/*C3*/INSERT INTO "myfirstmodule$recipelist" VALUES(9570149208163445)
INSERT INTO "myfirstmodule$recipe" VALUES(9851624184874232,'dasdas','dad','beef','dasdsa','Burger Beef')
INSERT INTO "myfirstmodule$recipe" VALUES(9851624184874231,'step','good burger','Chicken','Chicken','Burger Chicken')
INSERT INTO "myfirstmodule$recipe" VALUES(9851624184874230,'Step2','Delicious recipe with tunaX','Pasta, Italian, Fish','70 g whole almonds,1 small onion, 2 cloves of garlic, 4 anchovy fillets in oil, olive oil, 300 g dried fettuccine, 4 baby courgettes, 300 g yellowfin tuna, 1 x 400 g tin of quality cherry tomatoes, 1 lemon, 30 g pecorino cheese, extra virgin olive oil','Tuna fettuccine')
INSERT INTO "myfirstmodule$recipe" VALUES(9851624184874229,'Step1','Delicious recipe with ham','Pasta, Italian, Meat','370 g ham, spaghetti pasta','Spaghetti Carbonara')
INSERT INTO "myfirstmodule$contains" VALUES(9851624184874232,9570149208163445)
INSERT INTO "myfirstmodule$contains" VALUES(9851624184874231,9570149208163445)
INSERT INTO "myfirstmodule$contains" VALUES(9851624184874230,9570149208163445)
INSERT INTO "myfirstmodule$contains" VALUES(9851624184874229,9570149208163445)
COMMIT
/*C2*/INSERT INTO "myfirstmodule$recipelist" VALUES(9570149208163446)
INSERT INTO "myfirstmodule$recipe" VALUES(9851624184874238,'x','x','x','x','x')
INSERT INTO "myfirstmodule$recipe" VALUES(9851624184874235,'Step2','Delicious recipe with tunaX','Pasta, Italian, Fish','70 g whole almonds,1 small onion, 2 cloves of garlic, 4 anchovy fillets in oil, olive oil, 300 g dried fettuccine, 4 baby courgettes, 300 g yellowfin tuna, 1 x 400 g tin of quality cherry tomatoes, 1 lemon, 30 g pecorino cheese, extra virgin olive oil','Tuna fettuccine')
INSERT INTO "myfirstmodule$recipe" VALUES(9851624184874234,'Step1','Delicious recipe with ham','Pasta, Italian, Meat','370 g ham, spaghetti pasta','Spaghetti Carbonara')
INSERT INTO "myfirstmodule$recipe" VALUES(9851624184874237,'dasdas','dad','beef','dasdsa','Burger Beef')
INSERT INTO "myfirstmodule$recipe" VALUES(9851624184874236,'step','good burger','Chicken','Chicken','Burger Chicken')
INSERT INTO "myfirstmodule$contains" VALUES(9851624184874238,9570149208163446)
INSERT INTO "myfirstmodule$contains" VALUES(9851624184874235,9570149208163446)
INSERT INTO "myfirstmodule$contains" VALUES(9851624184874234,9570149208163446)
INSERT INTO "myfirstmodule$contains" VALUES(9851624184874237,9570149208163446)
INSERT INTO "myfirstmodule$contains" VALUES(9851624184874236,9570149208163446)
COMMIT
/*C3*/INSERT INTO "myfirstmodule$recipelist" VALUES(9570149208163447)
INSERT INTO "myfirstmodule$recipe" VALUES(9851624184874240,'x','x','x','x','x')
INSERT INTO "myfirstmodule$contains" VALUES(9851624184874240,9570149208163447)
COMMIT
DELETE FROM "system$session" WHERE "id"=4503599627375102
INSERT INTO "system$session" VALUES(4503599627375102,'2f71d19f-9f43-484c-939a-25f2d177bc85','2018-10-08 10:39:00.385000','6958d7b4-583d-43fd-9e7d-b58408b68c5a','2018-10-08 10:39:18.542000','9a80af2a-62ad-4a92-8ef4-b59ea48899da')
COMMIT
/*C4*/INSERT INTO "myfirstmodule$recipe" VALUES(9851624184874241,'x','x','x','x','x')
COMMIT
/*C3*/INSERT INTO "myfirstmodule$recipelist" VALUES(9570149208163448)
INSERT INTO "myfirstmodule$recipe" VALUES(9851624184874244,'step','good burger','Chicken','Chicken','Burger Chicken')
INSERT INTO "myfirstmodule$recipe" VALUES(9851624184874246,'x','x','x','x','x')
INSERT INTO "myfirstmodule$recipe" VALUES(9851624184874242,'Step1','Delicious recipe with ham','Pasta, Italian, Meat','370 g ham, spaghetti pasta','Spaghetti Carbonara')
INSERT INTO "myfirstmodule$recipe" VALUES(9851624184874245,'dasdas','dad','beef','dasdsa','Burger Beef')
INSERT INTO "myfirstmodule$recipe" VALUES(9851624184874243,'Step2','Delicious recipe with tunaX','Pasta, Italian, Fish','70 g whole almonds,1 small onion, 2 cloves of garlic, 4 anchovy fillets in oil, olive oil, 300 g dried fettuccine, 4 baby courgettes, 300 g yellowfin tuna, 1 x 400 g tin of quality cherry tomatoes, 1 lemon, 30 g pecorino cheese, extra virgin olive oil','Tuna fettuccine')
INSERT INTO "myfirstmodule$contains" VALUES(9851624184874244,9570149208163448)
INSERT INTO "myfirstmodule$contains" VALUES(9851624184874246,9570149208163448)
INSERT INTO "myfirstmodule$contains" VALUES(9851624184874242,9570149208163448)
INSERT INTO "myfirstmodule$contains" VALUES(9851624184874245,9570149208163448)
INSERT INTO "myfirstmodule$contains" VALUES(9851624184874243,9570149208163448)
COMMIT
/*C4*/INSERT INTO "myfirstmodule$recipelist" VALUES(9570149208163449)
INSERT INTO "myfirstmodule$recipe" VALUES(9851624184874248,'Step2','Delicious recipe with tunaX','Pasta, Italian, Fish','70 g whole almonds,1 small onion, 2 cloves of garlic, 4 anchovy fillets in oil, olive oil, 300 g dried fettuccine, 4 baby courgettes, 300 g yellowfin tuna, 1 x 400 g tin of quality cherry tomatoes, 1 lemon, 30 g pecorino cheese, extra virgin olive oil','Tuna fettuccine')
INSERT INTO "myfirstmodule$recipe" VALUES(9851624184874249,'step','good burger','Chicken','Chicken','Burger Chicken')
INSERT INTO "myfirstmodule$recipe" VALUES(9851624184874251,'x','x','x','x','x')
INSERT INTO "myfirstmodule$recipe" VALUES(9851624184874250,'dasdas','dad','beef','dasdsa','Burger Beef')
INSERT INTO "myfirstmodule$recipe" VALUES(9851624184874247,'Step1','Delicious recipe with ham','Pasta, Italian, Meat','370 g ham, spaghetti pasta','Spaghetti Carbonara')
INSERT INTO "myfirstmodule$contains" VALUES(9851624184874248,9570149208163449)
INSERT INTO "myfirstmodule$contains" VALUES(9851624184874249,9570149208163449)
INSERT INTO "myfirstmodule$contains" VALUES(9851624184874251,9570149208163449)
INSERT INTO "myfirstmodule$contains" VALUES(9851624184874250,9570149208163449)
INSERT INTO "myfirstmodule$contains" VALUES(9851624184874247,9570149208163449)
COMMIT
INSERT INTO "myfirstmodule$recipelist" VALUES(9570149208163450)
INSERT INTO "myfirstmodule$recipe" VALUES(9851624184874252,'Step1','Delicious recipe with ham','Pasta, Italian, Meat','370 g ham, spaghetti pasta','Spaghetti Carbonara')
INSERT INTO "myfirstmodule$recipe" VALUES(9851624184874253,'Step2','Delicious recipe with tunaX','Pasta, Italian, Fish','70 g whole almonds,1 small onion, 2 cloves of garlic, 4 anchovy fillets in oil, olive oil, 300 g dried fettuccine, 4 baby courgettes, 300 g yellowfin tuna, 1 x 400 g tin of quality cherry tomatoes, 1 lemon, 30 g pecorino cheese, extra virgin olive oil','Tuna fettuccine')
INSERT INTO "myfirstmodule$recipe" VALUES(9851624184874255,'dasdas','dad','beef','dasdsa','Burger Beef')
INSERT INTO "myfirstmodule$recipe" VALUES(9851624184874256,'x','x','x','x','x')
INSERT INTO "myfirstmodule$recipe" VALUES(9851624184874254,'step','good burger','Chicken','Chicken','Burger Chicken')
INSERT INTO "myfirstmodule$contains" VALUES(9851624184874252,9570149208163450)
INSERT INTO "myfirstmodule$contains" VALUES(9851624184874253,9570149208163450)
INSERT INTO "myfirstmodule$contains" VALUES(9851624184874255,9570149208163450)
INSERT INTO "myfirstmodule$contains" VALUES(9851624184874256,9570149208163450)
INSERT INTO "myfirstmodule$contains" VALUES(9851624184874254,9570149208163450)
COMMIT
/*C3*/INSERT INTO "myfirstmodule$recipelist" VALUES(9570149208163451)
INSERT INTO "myfirstmodule$recipe" VALUES(9851624184874259,'Step2','Delicious recipe with tunaX','Pasta, Italian, Fish','70 g whole almonds,1 small onion, 2 cloves of garlic, 4 anchovy fillets in oil, olive oil, 300 g dried fettuccine, 4 baby courgettes, 300 g yellowfin tuna, 1 x 400 g tin of quality cherry tomatoes, 1 lemon, 30 g pecorino cheese, extra virgin olive oil','Tuna fettuccine')
INSERT INTO "myfirstmodule$recipe" VALUES(9851624184874258,'Step1','Delicious recipe with ham','Pasta, Italian, Meat','370 g ham, spaghetti pasta','Spaghetti Carbonara')
INSERT INTO "myfirstmodule$contains" VALUES(9851624184874259,9570149208163451)
INSERT INTO "myfirstmodule$contains" VALUES(9851624184874258,9570149208163451)
COMMIT
/*C2*/DELETE FROM "mendixsystem$entityidentifier" WHERE "id"='8eae269c-cd9b-465c-b947-7d36086ec3c1'
INSERT INTO "mendixsystem$entityidentifier" VALUES('8eae269c-cd9b-465c-b947-7d36086ec3c1',22,4701)
COMMIT
DELETE FROM "mendixsystem$entityidentifier" WHERE "id"='1bca2a8e-931b-4cd2-8eb2-c5209655495c'
INSERT INTO "mendixsystem$entityidentifier" VALUES('1bca2a8e-931b-4cd2-8eb2-c5209655495c',35,1401)
COMMIT
INSERT INTO "myfirstmodule$recipelist" VALUES(9570149208163452)
INSERT INTO "myfirstmodule$recipe" VALUES(9851624184874263,'step','good burger','Chicken','Chicken','Burger Chicken')
INSERT INTO "myfirstmodule$recipe" VALUES(9851624184874264,'dasdas','dad','beef','dasdsa','Burger Beef')
INSERT INTO "myfirstmodule$recipe" VALUES(9851624184874265,'x','x','x','x','x')
INSERT INTO "myfirstmodule$recipe" VALUES(9851624184874262,'Step2','Delicious recipe with tunaX','Pasta, Italian, Fish','70 g whole almonds,1 small onion, 2 cloves of garlic, 4 anchovy fillets in oil, olive oil, 300 g dried fettuccine, 4 baby courgettes, 300 g yellowfin tuna, 1 x 400 g tin of quality cherry tomatoes, 1 lemon, 30 g pecorino cheese, extra virgin olive oil','Tuna fettuccine')
INSERT INTO "myfirstmodule$recipe" VALUES(9851624184874261,'Step1','Delicious recipe with ham','Pasta, Italian, Meat','370 g ham, spaghetti pasta','Spaghetti Carbonara')
INSERT INTO "myfirstmodule$contains" VALUES(9851624184874263,9570149208163452)
INSERT INTO "myfirstmodule$contains" VALUES(9851624184874264,9570149208163452)
INSERT INTO "myfirstmodule$contains" VALUES(9851624184874265,9570149208163452)
INSERT INTO "myfirstmodule$contains" VALUES(9851624184874262,9570149208163452)
INSERT INTO "myfirstmodule$contains" VALUES(9851624184874261,9570149208163452)
COMMIT
/*C4*/INSERT INTO "myfirstmodule$recipelist" VALUES(9570149208163453)
INSERT INTO "myfirstmodule$recipe" VALUES(9851624184874268,'Step2','Delicious recipe with tunaX','Pasta, Italian, Fish','70 g whole almonds,1 small onion, 2 cloves of garlic, 4 anchovy fillets in oil, olive oil, 300 g dried fettuccine, 4 baby courgettes, 300 g yellowfin tuna, 1 x 400 g tin of quality cherry tomatoes, 1 lemon, 30 g pecorino cheese, extra virgin olive oil','Tuna fettuccine')
INSERT INTO "myfirstmodule$recipe" VALUES(9851624184874267,'Step1','Delicious recipe with ham','Pasta, Italian, Meat','370 g ham, spaghetti pasta','Spaghetti Carbonara')
INSERT INTO "myfirstmodule$contains" VALUES(9851624184874268,9570149208163453)
INSERT INTO "myfirstmodule$contains" VALUES(9851624184874267,9570149208163453)
COMMIT
/*C3*/INSERT INTO "myfirstmodule$recipelist" VALUES(9570149208163454)
INSERT INTO "myfirstmodule$recipe" VALUES(9851624184874272,'dasdas','dad','beef','dasdsa','Burger Beef')
INSERT INTO "myfirstmodule$recipe" VALUES(9851624184874271,'step','good burger','Chicken','Chicken','Burger Chicken')
INSERT INTO "myfirstmodule$recipe" VALUES(9851624184874269,'Step1','Delicious recipe with ham','Pasta, Italian, Meat','370 g ham, spaghetti pasta','Spaghetti Carbonara')
INSERT INTO "myfirstmodule$recipe" VALUES(9851624184874273,'x','x','x','x','x')
INSERT INTO "myfirstmodule$recipe" VALUES(9851624184874270,'Step2','Delicious recipe with tunaX','Pasta, Italian, Fish','70 g whole almonds,1 small onion, 2 cloves of garlic, 4 anchovy fillets in oil, olive oil, 300 g dried fettuccine, 4 baby courgettes, 300 g yellowfin tuna, 1 x 400 g tin of quality cherry tomatoes, 1 lemon, 30 g pecorino cheese, extra virgin olive oil','Tuna fettuccine')
INSERT INTO "myfirstmodule$contains" VALUES(9851624184874272,9570149208163454)
INSERT INTO "myfirstmodule$contains" VALUES(9851624184874271,9570149208163454)
INSERT INTO "myfirstmodule$contains" VALUES(9851624184874269,9570149208163454)
INSERT INTO "myfirstmodule$contains" VALUES(9851624184874273,9570149208163454)
INSERT INTO "myfirstmodule$contains" VALUES(9851624184874270,9570149208163454)
COMMIT
/*C4*/INSERT INTO "myfirstmodule$recipelist" VALUES(9570149208163455)
INSERT INTO "myfirstmodule$recipe" VALUES(9851624184874276,'Step2','Delicious recipe with tunaX','Pasta, Italian, Fish','70 g whole almonds,1 small onion, 2 cloves of garlic, 4 anchovy fillets in oil, olive oil, 300 g dried fettuccine, 4 baby courgettes, 300 g yellowfin tuna, 1 x 400 g tin of quality cherry tomatoes, 1 lemon, 30 g pecorino cheese, extra virgin olive oil','Tuna fettuccine')
INSERT INTO "myfirstmodule$recipe" VALUES(9851624184874275,'Step1','Delicious recipe with ham','Pasta, Italian, Meat','370 g ham, spaghetti pasta','Spaghetti Carbonara')
INSERT INTO "myfirstmodule$contains" VALUES(9851624184874276,9570149208163455)
INSERT INTO "myfirstmodule$contains" VALUES(9851624184874275,9570149208163455)
COMMIT
DELETE FROM "system$session" WHERE "id"=4503599627375102
DELETE FROM "system$session_user" WHERE "system$sessionid"=4503599627375102 AND "system$userid"=5348024557502465
COMMIT
/*C2*/DELETE FROM "system$user" WHERE "id"=5348024557502466
INSERT INTO "system$user" VALUES(5348024557502466,'2018-10-08 10:03:05.613000',TRUE,'2018-10-08 10:03:05.613000','2018-10-08 10:40:42.544000',FALSE,FALSE,0,FALSE,'demo_user','{BCrypt}$2a$10$6cc6kAL.NR5BE5O7BSbzx.jXhgcp7xLAWZZRMt3.jSEnH24Ja510K','Administration.Account',NULL,5348024557502466)
COMMIT
/*C4*/INSERT INTO "system$session" VALUES(4503599627375103,'5d6c9386-fd6f-4426-9924-346fcab9b59e','2018-10-08 10:40:42.552000','fa611dd2-6118-4060-8c4d-a945ad9a31f4','2018-10-08 10:40:42.552000','b6ea7ee9-cf67-4aa7-8624-e4c9d2a3c7bd')
INSERT INTO "system$session_user" VALUES(4503599627375103,5348024557502466)
COMMIT
/*C2*/INSERT INTO "myfirstmodule$recipelist" VALUES(9570149208163456)
INSERT INTO "myfirstmodule$recipe" VALUES(9851624184874280,'dasdas','dad','beef','dasdsa','Burger Beef')
INSERT INTO "myfirstmodule$recipe" VALUES(9851624184874278,'Step2','Delicious recipe with tunaX','Pasta, Italian, Fish','70 g whole almonds,1 small onion, 2 cloves of garlic, 4 anchovy fillets in oil, olive oil, 300 g dried fettuccine, 4 baby courgettes, 300 g yellowfin tuna, 1 x 400 g tin of quality cherry tomatoes, 1 lemon, 30 g pecorino cheese, extra virgin olive oil','Tuna fettuccine')
INSERT INTO "myfirstmodule$recipe" VALUES(9851624184874277,'Step1','Delicious recipe with ham','Pasta, Italian, Meat','370 g ham, spaghetti pasta','Spaghetti Carbonara')
INSERT INTO "myfirstmodule$recipe" VALUES(9851624184874279,'step','good burger','Chicken','Chicken','Burger Chicken')
INSERT INTO "myfirstmodule$recipe" VALUES(9851624184874281,'x','x','x','x','x')
INSERT INTO "myfirstmodule$contains" VALUES(9851624184874280,9570149208163456)
INSERT INTO "myfirstmodule$contains" VALUES(9851624184874278,9570149208163456)
INSERT INTO "myfirstmodule$contains" VALUES(9851624184874277,9570149208163456)
INSERT INTO "myfirstmodule$contains" VALUES(9851624184874279,9570149208163456)
INSERT INTO "myfirstmodule$contains" VALUES(9851624184874281,9570149208163456)
COMMIT
INSERT INTO "myfirstmodule$recipelist" VALUES(9570149208163457)
INSERT INTO "myfirstmodule$recipe" VALUES(9851624184874284,'Step2','Delicious recipe with tunaX','Pasta, Italian, Fish','70 g whole almonds,1 small onion, 2 cloves of garlic, 4 anchovy fillets in oil, olive oil, 300 g dried fettuccine, 4 baby courgettes, 300 g yellowfin tuna, 1 x 400 g tin of quality cherry tomatoes, 1 lemon, 30 g pecorino cheese, extra virgin olive oil','Tuna fettuccine')
INSERT INTO "myfirstmodule$recipe" VALUES(9851624184874283,'Step1','Delicious recipe with ham','Pasta, Italian, Meat','370 g ham, spaghetti pasta','Spaghetti Carbonara')
INSERT INTO "myfirstmodule$contains" VALUES(9851624184874284,9570149208163457)
INSERT INTO "myfirstmodule$contains" VALUES(9851624184874283,9570149208163457)
COMMIT
/*C4*/INSERT INTO "myfirstmodule$recipelist" VALUES(9570149208163458)
INSERT INTO "myfirstmodule$recipe" VALUES(9851624184874286,'dasdas','dad','beef','dasdsa','Burger Beef')
INSERT INTO "myfirstmodule$contains" VALUES(9851624184874286,9570149208163458)
COMMIT
/*C2*/INSERT INTO "myfirstmodule$recipe" VALUES(9851624184874287,'dasdas','dad','beef','dasdsa','Burger Beef')
COMMIT
DELETE FROM "system$session" WHERE "id"=4503599627375103
INSERT INTO "system$session" VALUES(4503599627375103,'5d6c9386-fd6f-4426-9924-346fcab9b59e','2018-10-08 10:40:42.552000','fa611dd2-6118-4060-8c4d-a945ad9a31f4','2018-10-08 10:40:56.960000','b6ea7ee9-cf67-4aa7-8624-e4c9d2a3c7bd')
COMMIT
DELETE FROM "system$xasinstance" WHERE "id"=1125899906847225
INSERT INTO "system$xasinstance" VALUES(1125899906847225,'bfe611ef-65b6-4122-8dad-d363c6c52d4b','2018-10-08 10:16:05.259000','2018-10-08 10:41:05.311000',NULL,NULL,NULL)
COMMIT
/*C3*/INSERT INTO "myfirstmodule$recipelist" VALUES(9570149208163459)
INSERT INTO "myfirstmodule$recipe" VALUES(9851624184874292,'x','x','x','x','x')
INSERT INTO "myfirstmodule$recipe" VALUES(9851624184874288,'Step1','Delicious recipe with ham','Pasta, Italian, Meat','370 g ham, spaghetti pasta','Spaghetti Carbonara')
INSERT INTO "myfirstmodule$recipe" VALUES(9851624184874290,'step','good burger','Chicken','Chicken','Burger Chicken')
INSERT INTO "myfirstmodule$recipe" VALUES(9851624184874289,'Step2','Delicious recipe with tunaX','Pasta, Italian, Fish','70 g whole almonds,1 small onion, 2 cloves of garlic, 4 anchovy fillets in oil, olive oil, 300 g dried fettuccine, 4 baby courgettes, 300 g yellowfin tuna, 1 x 400 g tin of quality cherry tomatoes, 1 lemon, 30 g pecorino cheese, extra virgin olive oil','Tuna fettuccine')
INSERT INTO "myfirstmodule$recipe" VALUES(9851624184874291,'dasdas','dad','beef','dasdsa','Burger Beef')
INSERT INTO "myfirstmodule$contains" VALUES(9851624184874292,9570149208163459)
INSERT INTO "myfirstmodule$contains" VALUES(9851624184874288,9570149208163459)
INSERT INTO "myfirstmodule$contains" VALUES(9851624184874290,9570149208163459)
INSERT INTO "myfirstmodule$contains" VALUES(9851624184874289,9570149208163459)
INSERT INTO "myfirstmodule$contains" VALUES(9851624184874291,9570149208163459)
COMMIT
/*C2*/INSERT INTO "myfirstmodule$recipelist" VALUES(9570149208163460)
INSERT INTO "myfirstmodule$recipe" VALUES(9851624184874294,'x','x','x','x','x')
INSERT INTO "myfirstmodule$contains" VALUES(9851624184874294,9570149208163460)
COMMIT
/*C4*/INSERT INTO "myfirstmodule$recipelist" VALUES(9570149208163461)
INSERT INTO "myfirstmodule$recipe" VALUES(9851624184874296,'Step2','Delicious recipe with tunaX','Pasta, Italian, Fish','70 g whole almonds,1 small onion, 2 cloves of garlic, 4 anchovy fillets in oil, olive oil, 300 g dried fettuccine, 4 baby courgettes, 300 g yellowfin tuna, 1 x 400 g tin of quality cherry tomatoes, 1 lemon, 30 g pecorino cheese, extra virgin olive oil','Tuna fettuccine')
INSERT INTO "myfirstmodule$recipe" VALUES(9851624184874295,'Step1','Delicious recipe with ham','Pasta, Italian, Meat','370 g ham, spaghetti pasta','Spaghetti Carbonara')
INSERT INTO "myfirstmodule$recipe" VALUES(9851624184874298,'dasdas','dad','beef','dasdsa','Burger Beef')
INSERT INTO "myfirstmodule$recipe" VALUES(9851624184874299,'x','x','x','x','x')
INSERT INTO "myfirstmodule$recipe" VALUES(9851624184874297,'step','good burger','Chicken','Chicken','Burger Chicken')
INSERT INTO "myfirstmodule$contains" VALUES(9851624184874296,9570149208163461)
INSERT INTO "myfirstmodule$contains" VALUES(9851624184874295,9570149208163461)
INSERT INTO "myfirstmodule$contains" VALUES(9851624184874298,9570149208163461)
INSERT INTO "myfirstmodule$contains" VALUES(9851624184874299,9570149208163461)
INSERT INTO "myfirstmodule$contains" VALUES(9851624184874297,9570149208163461)
COMMIT
/*C2*/DELETE FROM "system$session" WHERE "id"=4503599627375103
INSERT INTO "system$session" VALUES(4503599627375103,'5d6c9386-fd6f-4426-9924-346fcab9b59e','2018-10-08 10:40:42.552000','fa611dd2-6118-4060-8c4d-a945ad9a31f4','2018-10-08 10:42:11.376000','b6ea7ee9-cf67-4aa7-8624-e4c9d2a3c7bd')
COMMIT
/*C3*/INSERT INTO "myfirstmodule$recipelist" VALUES(9570149208163462)
INSERT INTO "myfirstmodule$recipe" VALUES(9851624184874301,'Step1','Delicious recipe with ham','Pasta, Italian, Meat','370 g ham, spaghetti pasta','Spaghetti Carbonara')
INSERT INTO "myfirstmodule$recipe" VALUES(9851624184874304,'dasdas','dad','beef','dasdsa','Burger Beef')
INSERT INTO "myfirstmodule$recipe" VALUES(9851624184874305,'x','x','x','x','x')
INSERT INTO "myfirstmodule$recipe" VALUES(9851624184874303,'step','good burger','Chicken','Chicken','Burger Chicken')
INSERT INTO "myfirstmodule$recipe" VALUES(9851624184874302,'Step2','Delicious recipe with tunaX','Pasta, Italian, Fish','70 g whole almonds,1 small onion, 2 cloves of garlic, 4 anchovy fillets in oil, olive oil, 300 g dried fettuccine, 4 baby courgettes, 300 g yellowfin tuna, 1 x 400 g tin of quality cherry tomatoes, 1 lemon, 30 g pecorino cheese, extra virgin olive oil','Tuna fettuccine')
INSERT INTO "myfirstmodule$contains" VALUES(9851624184874301,9570149208163462)
INSERT INTO "myfirstmodule$contains" VALUES(9851624184874304,9570149208163462)
INSERT INTO "myfirstmodule$contains" VALUES(9851624184874305,9570149208163462)
INSERT INTO "myfirstmodule$contains" VALUES(9851624184874303,9570149208163462)
INSERT INTO "myfirstmodule$contains" VALUES(9851624184874302,9570149208163462)
COMMIT
/*C2*/DELETE FROM "system$session" WHERE "id"=4503599627375103
INSERT INTO "system$session" VALUES(4503599627375103,'5d6c9386-fd6f-4426-9924-346fcab9b59e','2018-10-08 10:40:42.552000','fa611dd2-6118-4060-8c4d-a945ad9a31f4','2018-10-08 10:44:09.245000','b6ea7ee9-cf67-4aa7-8624-e4c9d2a3c7bd')
COMMIT
DELETE FROM "system$xasinstance" WHERE "id"=1125899906847225
INSERT INTO "system$xasinstance" VALUES(1125899906847225,'bfe611ef-65b6-4122-8dad-d363c6c52d4b','2018-10-08 10:16:05.259000','2018-10-08 10:46:05.316000',NULL,NULL,NULL)
COMMIT
INSERT INTO "myfirstmodule$recipelist" VALUES(9570149208163463)
INSERT INTO "myfirstmodule$recipe" VALUES(9851624184874307,'Step1','Delicious recipe with ham','Pasta, Italian, Meat','370 g ham, spaghetti pasta','Spaghetti Carbonara')
INSERT INTO "myfirstmodule$recipe" VALUES(9851624184874310,'dasdas','dad','beef','dasdsa','Burger Beef')
INSERT INTO "myfirstmodule$recipe" VALUES(9851624184874308,'Step2','Delicious recipe with tunaX','Pasta, Italian, Fish','70 g whole almonds,1 small onion, 2 cloves of garlic, 4 anchovy fillets in oil, olive oil, 300 g dried fettuccine, 4 baby courgettes, 300 g yellowfin tuna, 1 x 400 g tin of quality cherry tomatoes, 1 lemon, 30 g pecorino cheese, extra virgin olive oil','Tuna fettuccine')
INSERT INTO "myfirstmodule$recipe" VALUES(9851624184874309,'step','good burger','Chicken','Chicken','Burger Chicken')
INSERT INTO "myfirstmodule$recipe" VALUES(9851624184874311,'x','x','x','x','x')
INSERT INTO "myfirstmodule$contains" VALUES(9851624184874307,9570149208163463)
INSERT INTO "myfirstmodule$contains" VALUES(9851624184874310,9570149208163463)
INSERT INTO "myfirstmodule$contains" VALUES(9851624184874308,9570149208163463)
INSERT INTO "myfirstmodule$contains" VALUES(9851624184874309,9570149208163463)
INSERT INTO "myfirstmodule$contains" VALUES(9851624184874311,9570149208163463)
COMMIT
DELETE FROM "system$session" WHERE "id"=4503599627375103
INSERT INTO "system$session" VALUES(4503599627375103,'5d6c9386-fd6f-4426-9924-346fcab9b59e','2018-10-08 10:40:42.552000','fa611dd2-6118-4060-8c4d-a945ad9a31f4','2018-10-08 10:46:15.907000','b6ea7ee9-cf67-4aa7-8624-e4c9d2a3c7bd')
COMMIT
/*C3*/INSERT INTO "myfirstmodule$recipelist" VALUES(9570149208163464)
INSERT INTO "myfirstmodule$recipe" VALUES(9851624184874317,'x','x','x','x','x')
INSERT INTO "myfirstmodule$recipe" VALUES(9851624184874313,'Step1','Delicious recipe with ham','Pasta, Italian, Meat','370 g ham, spaghetti pasta','Spaghetti Carbonara')
INSERT INTO "myfirstmodule$recipe" VALUES(9851624184874316,'dasdas','dad','beef','dasdsa','Burger Beef')
INSERT INTO "myfirstmodule$recipe" VALUES(9851624184874315,'step','good burger','Chicken','Chicken','Burger Chicken')
INSERT INTO "myfirstmodule$recipe" VALUES(9851624184874314,'Step2','Delicious recipe with tunaX','Pasta, Italian, Fish','70 g whole almonds,1 small onion, 2 cloves of garlic, 4 anchovy fillets in oil, olive oil, 300 g dried fettuccine, 4 baby courgettes, 300 g yellowfin tuna, 1 x 400 g tin of quality cherry tomatoes, 1 lemon, 30 g pecorino cheese, extra virgin olive oil','Tuna fettuccine')
INSERT INTO "myfirstmodule$contains" VALUES(9851624184874317,9570149208163464)
INSERT INTO "myfirstmodule$contains" VALUES(9851624184874313,9570149208163464)
INSERT INTO "myfirstmodule$contains" VALUES(9851624184874316,9570149208163464)
INSERT INTO "myfirstmodule$contains" VALUES(9851624184874315,9570149208163464)
INSERT INTO "myfirstmodule$contains" VALUES(9851624184874314,9570149208163464)
COMMIT
INSERT INTO "myfirstmodule$recipelist" VALUES(9570149208163465)
INSERT INTO "myfirstmodule$recipe" VALUES(9851624184874319,'x','x','x','x','x')
INSERT INTO "myfirstmodule$contains" VALUES(9851624184874319,9570149208163465)
COMMIT
/*C4*/DELETE FROM "system$session" WHERE "id"=4503599627375103
INSERT INTO "system$session" VALUES(4503599627375103,'5d6c9386-fd6f-4426-9924-346fcab9b59e','2018-10-08 10:40:42.552000','fa611dd2-6118-4060-8c4d-a945ad9a31f4','2018-10-08 10:50:34.465000','b6ea7ee9-cf67-4aa7-8624-e4c9d2a3c7bd')
COMMIT
DELETE FROM "system$xasinstance" WHERE "id"=1125899906847225
INSERT INTO "system$xasinstance" VALUES(1125899906847225,'bfe611ef-65b6-4122-8dad-d363c6c52d4b','2018-10-08 10:16:05.259000','2018-10-08 10:51:05.321000',NULL,NULL,NULL)
COMMIT
/*C3*/INSERT INTO "myfirstmodule$recipelist" VALUES(9570149208163466)
INSERT INTO "myfirstmodule$recipe" VALUES(9851624184874325,'x','x','x','x','x')
INSERT INTO "myfirstmodule$recipe" VALUES(9851624184874322,'Step2','Delicious recipe with tunaX','Pasta, Italian, Fish','70 g whole almonds,1 small onion, 2 cloves of garlic, 4 anchovy fillets in oil, olive oil, 300 g dried fettuccine, 4 baby courgettes, 300 g yellowfin tuna, 1 x 400 g tin of quality cherry tomatoes, 1 lemon, 30 g pecorino cheese, extra virgin olive oil','Tuna fettuccine')
INSERT INTO "myfirstmodule$recipe" VALUES(9851624184874323,'step','good burger','Chicken','Chicken','Burger Chicken')
INSERT INTO "myfirstmodule$recipe" VALUES(9851624184874321,'Step1','Delicious recipe with ham','Pasta, Italian, Meat','370 g ham, spaghetti pasta','Spaghetti Carbonara')
INSERT INTO "myfirstmodule$recipe" VALUES(9851624184874324,'dasdas','dad','beef','dasdsa','Burger Beef')
INSERT INTO "myfirstmodule$contains" VALUES(9851624184874325,9570149208163466)
INSERT INTO "myfirstmodule$contains" VALUES(9851624184874322,9570149208163466)
INSERT INTO "myfirstmodule$contains" VALUES(9851624184874323,9570149208163466)
INSERT INTO "myfirstmodule$contains" VALUES(9851624184874321,9570149208163466)
INSERT INTO "myfirstmodule$contains" VALUES(9851624184874324,9570149208163466)
COMMIT
/*C2*/INSERT INTO "myfirstmodule$recipelist" VALUES(9570149208163467)
COMMIT
DELETE FROM "system$session" WHERE "id"=4503599627375103
INSERT INTO "system$session" VALUES(4503599627375103,'5d6c9386-fd6f-4426-9924-346fcab9b59e','2018-10-08 10:40:42.552000','fa611dd2-6118-4060-8c4d-a945ad9a31f4','2018-10-08 10:52:24.149000','b6ea7ee9-cf67-4aa7-8624-e4c9d2a3c7bd')
COMMIT
DELETE FROM "system$xasinstance" WHERE "id"=1125899906847225
INSERT INTO "system$xasinstance" VALUES(1125899906847225,'bfe611ef-65b6-4122-8dad-d363c6c52d4b','2018-10-08 10:16:05.259000','2018-10-08 10:56:05.326000',NULL,NULL,NULL)
COMMIT
INSERT INTO "myfirstmodule$recipelist" VALUES(9570149208163468)
INSERT INTO "myfirstmodule$recipe" VALUES(9851624184874327,'Step1','Delicious recipe with ham','Pasta, Italian, Meat','370 g ham, spaghetti pasta','Spaghetti Carbonara')
INSERT INTO "myfirstmodule$recipe" VALUES(9851624184874331,'x','x','x','x','x')
INSERT INTO "myfirstmodule$recipe" VALUES(9851624184874328,'Step2','Delicious recipe with tunaX','Pasta, Italian, Fish','70 g whole almonds,1 small onion, 2 cloves of garlic, 4 anchovy fillets in oil, olive oil, 300 g dried fettuccine, 4 baby courgettes, 300 g yellowfin tuna, 1 x 400 g tin of quality cherry tomatoes, 1 lemon, 30 g pecorino cheese, extra virgin olive oil','Tuna fettuccine')
INSERT INTO "myfirstmodule$recipe" VALUES(9851624184874329,'step','good burger','Chicken','Chicken','Burger Chicken')
INSERT INTO "myfirstmodule$recipe" VALUES(9851624184874330,'dasdas','dad','beef','dasdsa','Burger Beef')
INSERT INTO "myfirstmodule$contains" VALUES(9851624184874327,9570149208163468)
INSERT INTO "myfirstmodule$contains" VALUES(9851624184874331,9570149208163468)
INSERT INTO "myfirstmodule$contains" VALUES(9851624184874328,9570149208163468)
INSERT INTO "myfirstmodule$contains" VALUES(9851624184874329,9570149208163468)
INSERT INTO "myfirstmodule$contains" VALUES(9851624184874330,9570149208163468)
COMMIT
/*C4*/INSERT INTO "myfirstmodule$recipelist" VALUES(9570149208163469)
COMMIT
DELETE FROM "system$session" WHERE "id"=4503599627375103
INSERT INTO "system$session" VALUES(4503599627375103,'5d6c9386-fd6f-4426-9924-346fcab9b59e','2018-10-08 10:40:42.552000','fa611dd2-6118-4060-8c4d-a945ad9a31f4','2018-10-08 10:57:19.569000','b6ea7ee9-cf67-4aa7-8624-e4c9d2a3c7bd')
COMMIT
INSERT INTO "myfirstmodule$recipelist" VALUES(9570149208163470)
INSERT INTO "myfirstmodule$recipe" VALUES(9851624184874333,'x','x','x','x','x')
INSERT INTO "myfirstmodule$contains" VALUES(9851624184874333,9570149208163470)
COMMIT
/*C2*/INSERT INTO "myfirstmodule$recipelist" VALUES(9570149208163471)
COMMIT
/*C4*/INSERT INTO "myfirstmodule$recipelist" VALUES(9570149208163472)
COMMIT
DELETE FROM "system$session" WHERE "id"=4503599627375103
INSERT INTO "system$session" VALUES(4503599627375103,'5d6c9386-fd6f-4426-9924-346fcab9b59e','2018-10-08 10:40:42.552000','fa611dd2-6118-4060-8c4d-a945ad9a31f4','2018-10-08 10:57:50.385000','b6ea7ee9-cf67-4aa7-8624-e4c9d2a3c7bd')
COMMIT
DELETE FROM "system$xasinstance" WHERE "id"=1125899906847225
INSERT INTO "system$xasinstance" VALUES(1125899906847225,'bfe611ef-65b6-4122-8dad-d363c6c52d4b','2018-10-08 10:16:05.259000','2018-10-08 11:01:05.331000',NULL,NULL,NULL)
COMMIT
